

Started GET "/" for 127.0.0.1 at 2015-08-10 18:03:26 -0700
  [1m[36mActiveRecord::SchemaMigration Load (1.3ms)[0m  [1mSELECT "schema_migrations".* FROM "schema_migrations"[0m
Processing by LinksController#index as HTML
  Rendered links/index.html.erb within layouts/application (58.7ms)
Completed 500 Internal Server Error in 196ms (ActiveRecord: 1.4ms)

ActionView::Template::Error (undefined method `name_or_streetaddress_or_regionaladdress_cont' for Ransack::Search<class: Link, base: Grouping <combinator: and>>:Ransack::Search):
    21:   <br>
    22:   <p>
    23:     <button type="button" id = "advanced_search"><%= link_to 'Do you want our recommendations?', advanced_search_links_path, {:style=>'color:black;', :class => "table_element"}%></button>
    24:     <%= f.autocomplete_field :name_or_streetaddress_or_regionaladdress_cont, autocomplete_link_name_links_path, :size => 70, id: 'my_autocomplete_field' %>
    25:     <%= f.submit class: 'search_submit', id: 'advanced_search' %>
    26:   </p>
    27:   <br>
  app/views/links/index.html.erb:24:in `block in _app_views_links_index_html_erb___3467539095018320572_70218287895560'
  app/views/links/index.html.erb:19:in `_app_views_links_index_html_erb___3467539095018320572_70218287895560'
  app/controllers/links_controller.rb:20:in `index'


  Rendered /home/sun/.rvm/gems/ruby-2.2.2/gems/actionpack-4.2.3/lib/action_dispatch/middleware/templates/rescues/_source.erb (12.7ms)
  Rendered /home/sun/.rvm/gems/ruby-2.2.2/gems/actionpack-4.2.3/lib/action_dispatch/middleware/templates/rescues/_trace.html.erb (9.6ms)
  Rendered /home/sun/.rvm/gems/ruby-2.2.2/gems/actionpack-4.2.3/lib/action_dispatch/middleware/templates/rescues/_request_and_response.html.erb (3.7ms)
  Rendered /home/sun/.rvm/gems/ruby-2.2.2/gems/actionpack-4.2.3/lib/action_dispatch/middleware/templates/rescues/template_error.html.erb within rescues/layout (68.6ms)
  Rendered /home/sun/.rvm/gems/ruby-2.2.2/gems/web-console-2.2.1/lib/web_console/templates/_markup.html.erb (1.9ms)
  Rendered /home/sun/.rvm/gems/ruby-2.2.2/gems/web-console-2.2.1/lib/web_console/templates/_inner_console_markup.html.erb within layouts/inlined_string (0.5ms)
  Rendered /home/sun/.rvm/gems/ruby-2.2.2/gems/web-console-2.2.1/lib/web_console/templates/_prompt_box_markup.html.erb within layouts/inlined_string (4.4ms)
  Rendered /home/sun/.rvm/gems/ruby-2.2.2/gems/web-console-2.2.1/lib/web_console/templates/style.css.erb within layouts/inlined_string (0.6ms)
  Rendered /home/sun/.rvm/gems/ruby-2.2.2/gems/web-console-2.2.1/lib/web_console/templates/console.js.erb within layouts/javascript (93.0ms)
  Rendered /home/sun/.rvm/gems/ruby-2.2.2/gems/web-console-2.2.1/lib/web_console/templates/main.js.erb within layouts/javascript (0.5ms)
  Rendered /home/sun/.rvm/gems/ruby-2.2.2/gems/web-console-2.2.1/lib/web_console/templates/error_page.js.erb within layouts/javascript (0.6ms)
  Rendered /home/sun/.rvm/gems/ruby-2.2.2/gems/web-console-2.2.1/lib/web_console/templates/index.html.erb (165.6ms)
  [1m[36mActiveRecord::SchemaMigration Load (0.4ms)[0m  [1mSELECT "schema_migrations".* FROM "schema_migrations"[0m
  [1m[35mActiveRecord::SchemaMigration Load (0.3ms)[0m  SELECT "schema_migrations".* FROM "schema_migrations"
  [1m[36m (3.6ms)[0m  [1mSELECT t2.oid::regclass::text AS to_table, a1.attname AS column, a2.attname AS primary_key, c.conname AS name, c.confupdtype AS on_update, c.confdeltype AS on_delete
FROM pg_constraint c
JOIN pg_class t1 ON c.conrelid = t1.oid
JOIN pg_class t2 ON c.confrelid = t2.oid
JOIN pg_attribute a1 ON a1.attnum = c.conkey[1] AND a1.attrelid = t1.oid
JOIN pg_attribute a2 ON a2.attnum = c.confkey[1] AND a2.attrelid = t2.oid
JOIN pg_namespace t3 ON c.connamespace = t3.oid
WHERE c.contype = 'f'
  AND t1.relname = 'average_caches'
  AND t3.nspname = ANY (current_schemas(false))
ORDER BY c.conname
[0m
  [1m[35m (3.2ms)[0m  SELECT t2.oid::regclass::text AS to_table, a1.attname AS column, a2.attname AS primary_key, c.conname AS name, c.confupdtype AS on_update, c.confdeltype AS on_delete
FROM pg_constraint c
JOIN pg_class t1 ON c.conrelid = t1.oid
JOIN pg_class t2 ON c.confrelid = t2.oid
JOIN pg_attribute a1 ON a1.attnum = c.conkey[1] AND a1.attrelid = t1.oid
JOIN pg_attribute a2 ON a2.attnum = c.confkey[1] AND a2.attrelid = t2.oid
JOIN pg_namespace t3 ON c.connamespace = t3.oid
WHERE c.contype = 'f'
  AND t1.relname = 'comments'
  AND t3.nspname = ANY (current_schemas(false))
ORDER BY c.conname

  [1m[36m (3.7ms)[0m  [1mSELECT t2.oid::regclass::text AS to_table, a1.attname AS column, a2.attname AS primary_key, c.conname AS name, c.confupdtype AS on_update, c.confdeltype AS on_delete
FROM pg_constraint c
JOIN pg_class t1 ON c.conrelid = t1.oid
JOIN pg_class t2 ON c.confrelid = t2.oid
JOIN pg_attribute a1 ON a1.attnum = c.conkey[1] AND a1.attrelid = t1.oid
JOIN pg_attribute a2 ON a2.attnum = c.confkey[1] AND a2.attrelid = t2.oid
JOIN pg_namespace t3 ON c.connamespace = t3.oid
WHERE c.contype = 'f'
  AND t1.relname = 'contacts'
  AND t3.nspname = ANY (current_schemas(false))
ORDER BY c.conname
[0m
  [1m[35m (3.5ms)[0m  SELECT t2.oid::regclass::text AS to_table, a1.attname AS column, a2.attname AS primary_key, c.conname AS name, c.confupdtype AS on_update, c.confdeltype AS on_delete
FROM pg_constraint c
JOIN pg_class t1 ON c.conrelid = t1.oid
JOIN pg_class t2 ON c.confrelid = t2.oid
JOIN pg_attribute a1 ON a1.attnum = c.conkey[1] AND a1.attrelid = t1.oid
JOIN pg_attribute a2 ON a2.attnum = c.confkey[1] AND a2.attrelid = t2.oid
JOIN pg_namespace t3 ON c.connamespace = t3.oid
WHERE c.contype = 'f'
  AND t1.relname = 'links'
  AND t3.nspname = ANY (current_schemas(false))
ORDER BY c.conname

  [1m[36m (3.5ms)[0m  [1mSELECT t2.oid::regclass::text AS to_table, a1.attname AS column, a2.attname AS primary_key, c.conname AS name, c.confupdtype AS on_update, c.confdeltype AS on_delete
FROM pg_constraint c
JOIN pg_class t1 ON c.conrelid = t1.oid
JOIN pg_class t2 ON c.confrelid = t2.oid
JOIN pg_attribute a1 ON a1.attnum = c.conkey[1] AND a1.attrelid = t1.oid
JOIN pg_attribute a2 ON a2.attnum = c.confkey[1] AND a2.attrelid = t2.oid
JOIN pg_namespace t3 ON c.connamespace = t3.oid
WHERE c.contype = 'f'
  AND t1.relname = 'overall_averages'
  AND t3.nspname = ANY (current_schemas(false))
ORDER BY c.conname
[0m
  [1m[35m (3.4ms)[0m  SELECT t2.oid::regclass::text AS to_table, a1.attname AS column, a2.attname AS primary_key, c.conname AS name, c.confupdtype AS on_update, c.confdeltype AS on_delete
FROM pg_constraint c
JOIN pg_class t1 ON c.conrelid = t1.oid
JOIN pg_class t2 ON c.confrelid = t2.oid
JOIN pg_attribute a1 ON a1.attnum = c.conkey[1] AND a1.attrelid = t1.oid
JOIN pg_attribute a2 ON a2.attnum = c.confkey[1] AND a2.attrelid = t2.oid
JOIN pg_namespace t3 ON c.connamespace = t3.oid
WHERE c.contype = 'f'
  AND t1.relname = 'rates'
  AND t3.nspname = ANY (current_schemas(false))
ORDER BY c.conname

  [1m[36m (3.7ms)[0m  [1mSELECT t2.oid::regclass::text AS to_table, a1.attname AS column, a2.attname AS primary_key, c.conname AS name, c.confupdtype AS on_update, c.confdeltype AS on_delete
FROM pg_constraint c
JOIN pg_class t1 ON c.conrelid = t1.oid
JOIN pg_class t2 ON c.confrelid = t2.oid
JOIN pg_attribute a1 ON a1.attnum = c.conkey[1] AND a1.attrelid = t1.oid
JOIN pg_attribute a2 ON a2.attnum = c.confkey[1] AND a2.attrelid = t2.oid
JOIN pg_namespace t3 ON c.connamespace = t3.oid
WHERE c.contype = 'f'
  AND t1.relname = 'rating_caches'
  AND t3.nspname = ANY (current_schemas(false))
ORDER BY c.conname
[0m
  [1m[35m (3.5ms)[0m  SELECT t2.oid::regclass::text AS to_table, a1.attname AS column, a2.attname AS primary_key, c.conname AS name, c.confupdtype AS on_update, c.confdeltype AS on_delete
FROM pg_constraint c
JOIN pg_class t1 ON c.conrelid = t1.oid
JOIN pg_class t2 ON c.confrelid = t2.oid
JOIN pg_attribute a1 ON a1.attnum = c.conkey[1] AND a1.attrelid = t1.oid
JOIN pg_attribute a2 ON a2.attnum = c.confkey[1] AND a2.attrelid = t2.oid
JOIN pg_namespace t3 ON c.connamespace = t3.oid
WHERE c.contype = 'f'
  AND t1.relname = 'roles'
  AND t3.nspname = ANY (current_schemas(false))
ORDER BY c.conname

  [1m[36m (3.5ms)[0m  [1mSELECT t2.oid::regclass::text AS to_table, a1.attname AS column, a2.attname AS primary_key, c.conname AS name, c.confupdtype AS on_update, c.confdeltype AS on_delete
FROM pg_constraint c
JOIN pg_class t1 ON c.conrelid = t1.oid
JOIN pg_class t2 ON c.confrelid = t2.oid
JOIN pg_attribute a1 ON a1.attnum = c.conkey[1] AND a1.attrelid = t1.oid
JOIN pg_attribute a2 ON a2.attnum = c.confkey[1] AND a2.attrelid = t2.oid
JOIN pg_namespace t3 ON c.connamespace = t3.oid
WHERE c.contype = 'f'
  AND t1.relname = 'users'
  AND t3.nspname = ANY (current_schemas(false))
ORDER BY c.conname
[0m
  [1m[35m (3.5ms)[0m  SELECT t2.oid::regclass::text AS to_table, a1.attname AS column, a2.attname AS primary_key, c.conname AS name, c.confupdtype AS on_update, c.confdeltype AS on_delete
FROM pg_constraint c
JOIN pg_class t1 ON c.conrelid = t1.oid
JOIN pg_class t2 ON c.confrelid = t2.oid
JOIN pg_attribute a1 ON a1.attnum = c.conkey[1] AND a1.attrelid = t1.oid
JOIN pg_attribute a2 ON a2.attnum = c.confkey[1] AND a2.attrelid = t2.oid
JOIN pg_namespace t3 ON c.connamespace = t3.oid
WHERE c.contype = 'f'
  AND t1.relname = 'users_roles'
  AND t3.nspname = ANY (current_schemas(false))
ORDER BY c.conname

  [1m[36m (3.7ms)[0m  [1mSELECT t2.oid::regclass::text AS to_table, a1.attname AS column, a2.attname AS primary_key, c.conname AS name, c.confupdtype AS on_update, c.confdeltype AS on_delete
FROM pg_constraint c
JOIN pg_class t1 ON c.conrelid = t1.oid
JOIN pg_class t2 ON c.confrelid = t2.oid
JOIN pg_attribute a1 ON a1.attnum = c.conkey[1] AND a1.attrelid = t1.oid
JOIN pg_attribute a2 ON a2.attnum = c.confkey[1] AND a2.attrelid = t2.oid
JOIN pg_namespace t3 ON c.connamespace = t3.oid
WHERE c.contype = 'f'
  AND t1.relname = 'votes'
  AND t3.nspname = ANY (current_schemas(false))
ORDER BY c.conname
[0m


Started GET "/" for 127.0.0.1 at 2015-08-10 18:04:08 -0700
Processing by LinksController#index as HTML
  Rendered links/index.html.erb within layouts/application (8.9ms)
Completed 500 Internal Server Error in 50ms (ActiveRecord: 3.0ms)

ActionView::Template::Error (undefined method `name_or_streetaddress_or_regionaladdress_cont' for Ransack::Search<class: Link, base: Grouping <combinator: and>>:Ransack::Search):
    21:   <br>
    22:   <p>
    23:     <button type="button" id = "advanced_search"><%= link_to 'Do you want our recommendations?', advanced_search_links_path, {:style=>'color:black;', :class => "table_element"}%></button>
    24:     <%= f.autocomplete_field :name_or_streetaddress_or_regionaladdress_cont, autocomplete_link_name_links_path, :size => 70, id: 'my_autocomplete_field' %>
    25:     <%= f.submit class: 'search_submit', id: 'advanced_search' %>
    26:   </p>
    27:   <br>
  app/views/links/index.html.erb:24:in `block in _app_views_links_index_html_erb___3467539095018320572_70218287895560'
  app/views/links/index.html.erb:19:in `_app_views_links_index_html_erb___3467539095018320572_70218287895560'
  app/controllers/links_controller.rb:20:in `index'


  Rendered /home/sun/.rvm/gems/ruby-2.2.2/gems/actionpack-4.2.3/lib/action_dispatch/middleware/templates/rescues/_source.erb (17.6ms)
  Rendered /home/sun/.rvm/gems/ruby-2.2.2/gems/actionpack-4.2.3/lib/action_dispatch/middleware/templates/rescues/_trace.html.erb (6.4ms)
  Rendered /home/sun/.rvm/gems/ruby-2.2.2/gems/actionpack-4.2.3/lib/action_dispatch/middleware/templates/rescues/_request_and_response.html.erb (1.5ms)
  Rendered /home/sun/.rvm/gems/ruby-2.2.2/gems/actionpack-4.2.3/lib/action_dispatch/middleware/templates/rescues/template_error.html.erb within rescues/layout (53.6ms)
  Rendered /home/sun/.rvm/gems/ruby-2.2.2/gems/web-console-2.2.1/lib/web_console/templates/_markup.html.erb (2.8ms)
  Rendered /home/sun/.rvm/gems/ruby-2.2.2/gems/web-console-2.2.1/lib/web_console/templates/_inner_console_markup.html.erb within layouts/inlined_string (0.6ms)
  Rendered /home/sun/.rvm/gems/ruby-2.2.2/gems/web-console-2.2.1/lib/web_console/templates/_prompt_box_markup.html.erb within layouts/inlined_string (0.4ms)
  Rendered /home/sun/.rvm/gems/ruby-2.2.2/gems/web-console-2.2.1/lib/web_console/templates/style.css.erb within layouts/inlined_string (0.6ms)
  Rendered /home/sun/.rvm/gems/ruby-2.2.2/gems/web-console-2.2.1/lib/web_console/templates/console.js.erb within layouts/javascript (31.3ms)
  Rendered /home/sun/.rvm/gems/ruby-2.2.2/gems/web-console-2.2.1/lib/web_console/templates/main.js.erb within layouts/javascript (0.4ms)
  Rendered /home/sun/.rvm/gems/ruby-2.2.2/gems/web-console-2.2.1/lib/web_console/templates/error_page.js.erb within layouts/javascript (1.3ms)
  Rendered /home/sun/.rvm/gems/ruby-2.2.2/gems/web-console-2.2.1/lib/web_console/templates/index.html.erb (71.0ms)
  [1m[36m (5038.8ms)[0m  [1mDROP DATABASE IF EXISTS "final470_development"[0m
PG::ObjectInUse: ERROR:  database "final470_development" is being accessed by other users
DETAIL:  There are 2 other sessions using the database.
: DROP DATABASE IF EXISTS "final470_development"
  [1m[35m (121.3ms)[0m  DROP DATABASE IF EXISTS "final470_test"
  [1m[36m (1.0ms)[0m  [1mCREATE DATABASE "final470_development" ENCODING = 'unicode'[0m
PG::DuplicateDatabase: ERROR:  database "final470_development" already exists
: CREATE DATABASE "final470_development" ENCODING = 'unicode'
  [1m[35m (414.2ms)[0m  CREATE DATABASE "final470_test" ENCODING = 'unicode'
  [1m[36mSQL (2.4ms)[0m  [1mCREATE EXTENSION IF NOT EXISTS "plpgsql"[0m
  [1m[35m (16.1ms)[0m  DROP TABLE "average_caches" CASCADE
  [1m[36m (27.7ms)[0m  [1mCREATE TABLE "average_caches" ("id" serial primary key, "rater_id" integer, "rateable_id" integer, "rateable_type" character varying, "avg" float NOT NULL, "created_at" timestamp, "updated_at" timestamp) [0m
  [1m[35m (5.0ms)[0m  DROP TABLE "comments" CASCADE
  [1m[36m (9.3ms)[0m  [1mCREATE TABLE "comments" ("id" serial primary key, "link_id" integer, "body" text, "user_id" integer, "created_at" timestamp NOT NULL, "updated_at" timestamp NOT NULL) [0m
  [1m[35m (10.8ms)[0m  CREATE  INDEX  "index_comments_on_link_id" ON "comments" USING btree ("link_id")
  [1m[36m (5.4ms)[0m  [1mCREATE  INDEX  "index_comments_on_user_id" ON "comments" USING btree ("user_id")[0m
  [1m[35m (2.2ms)[0m  DROP TABLE "contacts" CASCADE
  [1m[36m (19.4ms)[0m  [1mCREATE TABLE "contacts" ("id" serial primary key, "name" character varying, "email" character varying, "message" text, "created_at" timestamp NOT NULL, "updated_at" timestamp NOT NULL) [0m
  [1m[35m (3.4ms)[0m  DROP TABLE "links" CASCADE
  [1m[36m (13.3ms)[0m  [1mCREATE TABLE "links" ("id" serial primary key, "name" character varying, "address" character varying, "bedroom" character varying[] DEFAULT '{}', "created_at" timestamp NOT NULL, "updated_at" timestamp NOT NULL, "user_id" integer, "latitude" float, "longitude" float, "built" integer, "floors" integer, "suites" integer, "amenities" character varying[] DEFAULT '{}', "avg_rating" float DEFAULT 0.0) [0m
  [1m[35m (6.6ms)[0m  CREATE  INDEX  "index_links_on_user_id" ON "links" USING btree ("user_id")
  [1m[36m (4.3ms)[0m  [1mDROP TABLE "overall_averages" CASCADE[0m
  [1m[35m (20.7ms)[0m  CREATE TABLE "overall_averages" ("id" serial primary key, "rateable_id" integer, "rateable_type" character varying, "overall_avg" float NOT NULL, "created_at" timestamp, "updated_at" timestamp) 
  [1m[36m (3.2ms)[0m  [1mDROP TABLE "rates" CASCADE[0m
  [1m[35m (22.6ms)[0m  CREATE TABLE "rates" ("id" serial primary key, "rater_id" integer, "rateable_id" integer, "rateable_type" character varying, "stars" float NOT NULL, "dimension" character varying, "created_at" timestamp, "updated_at" timestamp) 
  [1m[36m (5.7ms)[0m  [1mCREATE  INDEX  "index_rates_on_rateable_id_and_rateable_type" ON "rates" USING btree ("rateable_id", "rateable_type")[0m
  [1m[35m (17.1ms)[0m  CREATE  INDEX  "index_rates_on_rater_id" ON "rates" USING btree ("rater_id")
  [1m[36m (10.7ms)[0m  [1mDROP TABLE "rating_caches" CASCADE[0m
  [1m[35m (14.6ms)[0m  CREATE TABLE "rating_caches" ("id" serial primary key, "cacheable_id" integer, "cacheable_type" character varying, "avg" float NOT NULL, "qty" integer NOT NULL, "dimension" character varying, "created_at" timestamp, "updated_at" timestamp) 
  [1m[36m (10.1ms)[0m  [1mCREATE  INDEX  "index_rating_caches_on_cacheable_id_and_cacheable_type" ON "rating_caches" USING btree ("cacheable_id", "cacheable_type")[0m
  [1m[35m (4.2ms)[0m  DROP TABLE "roles" CASCADE
  [1m[36m (15.1ms)[0m  [1mCREATE TABLE "roles" ("id" serial primary key, "name" character varying, "resource_id" integer, "resource_type" character varying, "created_at" timestamp, "updated_at" timestamp) [0m
  [1m[35m (4.8ms)[0m  CREATE  INDEX  "index_roles_on_name_and_resource_type_and_resource_id" ON "roles" USING btree ("name", "resource_type", "resource_id")
  [1m[36m (2.5ms)[0m  [1mCREATE  INDEX  "index_roles_on_name" ON "roles" USING btree ("name")[0m
  [1m[35m (9.3ms)[0m  DROP TABLE "users" CASCADE
  [1m[36m (23.1ms)[0m  [1mCREATE TABLE "users" ("id" serial primary key, "email" character varying DEFAULT '' NOT NULL, "encrypted_password" character varying DEFAULT '' NOT NULL, "reset_password_token" character varying, "reset_password_sent_at" timestamp, "remember_created_at" timestamp, "sign_in_count" integer DEFAULT 0 NOT NULL, "current_sign_in_at" timestamp, "last_sign_in_at" timestamp, "current_sign_in_ip" inet, "last_sign_in_ip" inet, "created_at" timestamp, "updated_at" timestamp, "provider" character varying, "uid" character varying) [0m
  [1m[35m (3.2ms)[0m  CREATE UNIQUE INDEX  "index_users_on_email" ON "users" USING btree ("email")
  [1m[36m (10.3ms)[0m  [1mCREATE  INDEX  "index_users_on_provider" ON "users" USING btree ("provider")[0m
  [1m[35m (5.5ms)[0m  CREATE UNIQUE INDEX  "index_users_on_reset_password_token" ON "users" USING btree ("reset_password_token")
  [1m[36m (2.8ms)[0m  [1mCREATE  INDEX  "index_users_on_uid" ON "users" USING btree ("uid")[0m
  [1m[35m (1.8ms)[0m  DROP TABLE "users_roles" CASCADE
  [1m[36m (6.0ms)[0m  [1mCREATE TABLE "users_roles" ("user_id" integer, "role_id" integer) [0m
  [1m[35m (2.8ms)[0m  CREATE  INDEX  "index_users_roles_on_user_id_and_role_id" ON "users_roles" USING btree ("user_id", "role_id")
  [1m[36m (10.2ms)[0m  [1mDROP TABLE "votes" CASCADE[0m
  [1m[35m (15.9ms)[0m  CREATE TABLE "votes" ("id" serial primary key, "votable_id" integer, "votable_type" character varying, "voter_id" integer, "voter_type" character varying, "vote_flag" boolean, "vote_scope" character varying, "vote_weight" integer, "created_at" timestamp, "updated_at" timestamp) 
  [1m[36m (9.9ms)[0m  [1mCREATE  INDEX  "index_votes_on_votable_id_and_votable_type_and_vote_scope" ON "votes" USING btree ("votable_id", "votable_type", "vote_scope")[0m
  [1m[35m (6.4ms)[0m  CREATE  INDEX  "index_votes_on_voter_id_and_voter_type_and_vote_scope" ON "votes" USING btree ("voter_id", "voter_type", "vote_scope")
  [1m[36m (7.2ms)[0m  [1mALTER TABLE "comments" ADD CONSTRAINT "fk_rails_03de2dc08c"
FOREIGN KEY ("user_id")
  REFERENCES "users" ("id")
[0m
  [1m[35m (0.4ms)[0m  SELECT version FROM "schema_migrations"
  [1m[36mSQL (4.6ms)[0m  [1mCREATE EXTENSION IF NOT EXISTS "plpgsql"[0m
  [1m[35m (43.9ms)[0m  CREATE TABLE "average_caches" ("id" serial primary key, "rater_id" integer, "rateable_id" integer, "rateable_type" character varying, "avg" float NOT NULL, "created_at" timestamp, "updated_at" timestamp) 
  [1m[36m (9.6ms)[0m  [1mCREATE TABLE "comments" ("id" serial primary key, "link_id" integer, "body" text, "user_id" integer, "created_at" timestamp NOT NULL, "updated_at" timestamp NOT NULL) [0m
  [1m[35m (6.7ms)[0m  CREATE  INDEX  "index_comments_on_link_id" ON "comments" USING btree ("link_id")
  [1m[36m (2.7ms)[0m  [1mCREATE  INDEX  "index_comments_on_user_id" ON "comments" USING btree ("user_id")[0m
  [1m[35m (18.7ms)[0m  CREATE TABLE "contacts" ("id" serial primary key, "name" character varying, "email" character varying, "message" text, "created_at" timestamp NOT NULL, "updated_at" timestamp NOT NULL) 
  [1m[36m (17.0ms)[0m  [1mCREATE TABLE "links" ("id" serial primary key, "name" character varying, "address" character varying, "bedroom" character varying[] DEFAULT '{}', "created_at" timestamp NOT NULL, "updated_at" timestamp NOT NULL, "user_id" integer, "latitude" float, "longitude" float, "built" integer, "floors" integer, "suites" integer, "amenities" character varying[] DEFAULT '{}', "avg_rating" float DEFAULT 0.0) [0m
  [1m[35m (4.5ms)[0m  CREATE  INDEX  "index_links_on_user_id" ON "links" USING btree ("user_id")
  [1m[36m (17.8ms)[0m  [1mCREATE TABLE "overall_averages" ("id" serial primary key, "rateable_id" integer, "rateable_type" character varying, "overall_avg" float NOT NULL, "created_at" timestamp, "updated_at" timestamp) [0m
  [1m[35m (15.3ms)[0m  CREATE TABLE "rates" ("id" serial primary key, "rater_id" integer, "rateable_id" integer, "rateable_type" character varying, "stars" float NOT NULL, "dimension" character varying, "created_at" timestamp, "updated_at" timestamp) 
  [1m[36m (7.0ms)[0m  [1mCREATE  INDEX  "index_rates_on_rateable_id_and_rateable_type" ON "rates" USING btree ("rateable_id", "rateable_type")[0m
  [1m[35m (3.7ms)[0m  CREATE  INDEX  "index_rates_on_rater_id" ON "rates" USING btree ("rater_id")
  [1m[36m (15.3ms)[0m  [1mCREATE TABLE "rating_caches" ("id" serial primary key, "cacheable_id" integer, "cacheable_type" character varying, "avg" float NOT NULL, "qty" integer NOT NULL, "dimension" character varying, "created_at" timestamp, "updated_at" timestamp) [0m
  [1m[35m (3.4ms)[0m  CREATE  INDEX  "index_rating_caches_on_cacheable_id_and_cacheable_type" ON "rating_caches" USING btree ("cacheable_id", "cacheable_type")
  [1m[36m (20.8ms)[0m  [1mCREATE TABLE "roles" ("id" serial primary key, "name" character varying, "resource_id" integer, "resource_type" character varying, "created_at" timestamp, "updated_at" timestamp) [0m
  [1m[35m (4.4ms)[0m  CREATE  INDEX  "index_roles_on_name_and_resource_type_and_resource_id" ON "roles" USING btree ("name", "resource_type", "resource_id")
  [1m[36m (10.5ms)[0m  [1mCREATE  INDEX  "index_roles_on_name" ON "roles" USING btree ("name")[0m
  [1m[35m (11.4ms)[0m  CREATE TABLE "users" ("id" serial primary key, "email" character varying DEFAULT '' NOT NULL, "encrypted_password" character varying DEFAULT '' NOT NULL, "reset_password_token" character varying, "reset_password_sent_at" timestamp, "remember_created_at" timestamp, "sign_in_count" integer DEFAULT 0 NOT NULL, "current_sign_in_at" timestamp, "last_sign_in_at" timestamp, "current_sign_in_ip" inet, "last_sign_in_ip" inet, "created_at" timestamp, "updated_at" timestamp, "provider" character varying, "uid" character varying) 
  [1m[36m (10.4ms)[0m  [1mCREATE UNIQUE INDEX  "index_users_on_email" ON "users" USING btree ("email")[0m
  [1m[35m (5.0ms)[0m  CREATE  INDEX  "index_users_on_provider" ON "users" USING btree ("provider")
  [1m[36m (3.0ms)[0m  [1mCREATE UNIQUE INDEX  "index_users_on_reset_password_token" ON "users" USING btree ("reset_password_token")[0m
  [1m[35m (11.4ms)[0m  CREATE  INDEX  "index_users_on_uid" ON "users" USING btree ("uid")
  [1m[36m (2.2ms)[0m  [1mCREATE TABLE "users_roles" ("user_id" integer, "role_id" integer) [0m
  [1m[35m (5.3ms)[0m  CREATE  INDEX  "index_users_roles_on_user_id_and_role_id" ON "users_roles" USING btree ("user_id", "role_id")
  [1m[36m (22.7ms)[0m  [1mCREATE TABLE "votes" ("id" serial primary key, "votable_id" integer, "votable_type" character varying, "voter_id" integer, "voter_type" character varying, "vote_flag" boolean, "vote_scope" character varying, "vote_weight" integer, "created_at" timestamp, "updated_at" timestamp) [0m
  [1m[35m (12.9ms)[0m  CREATE  INDEX  "index_votes_on_votable_id_and_votable_type_and_vote_scope" ON "votes" USING btree ("votable_id", "votable_type", "vote_scope")
  [1m[36m (10.3ms)[0m  [1mCREATE  INDEX  "index_votes_on_voter_id_and_voter_type_and_vote_scope" ON "votes" USING btree ("voter_id", "voter_type", "vote_scope")[0m
  [1m[35m (22.8ms)[0m  ALTER TABLE "comments" ADD CONSTRAINT "fk_rails_03de2dc08c"
FOREIGN KEY ("user_id")
  REFERENCES "users" ("id")

  [1m[36m (19.1ms)[0m  [1mCREATE TABLE "schema_migrations" ("version" character varying NOT NULL) [0m
  [1m[35m (2.8ms)[0m  CREATE UNIQUE INDEX  "unique_schema_migrations" ON "schema_migrations"  ("version")
  [1m[36m (6.6ms)[0m  [1mSELECT version FROM "schema_migrations"[0m
  [1m[35m (7.2ms)[0m  INSERT INTO "schema_migrations" (version) VALUES ('20150809231944')
  [1m[36m (0.8ms)[0m  [1mINSERT INTO "schema_migrations" (version) VALUES ('20150807235614')[0m
  [1m[35m (0.8ms)[0m  INSERT INTO "schema_migrations" (version) VALUES ('20150728201948')
  [1m[36m (2.9ms)[0m  [1mINSERT INTO "schema_migrations" (version) VALUES ('20150718015120')[0m
  [1m[35m (0.9ms)[0m  INSERT INTO "schema_migrations" (version) VALUES ('20150717224441')
  [1m[36m (1.1ms)[0m  [1mINSERT INTO "schema_migrations" (version) VALUES ('20150717223326')[0m
  [1m[35m (2.3ms)[0m  INSERT INTO "schema_migrations" (version) VALUES ('20150717221015')
  [1m[36m (1.1ms)[0m  [1mINSERT INTO "schema_migrations" (version) VALUES ('20150728202029')[0m
  [1m[35m (3.9ms)[0m  INSERT INTO "schema_migrations" (version) VALUES ('20150807235613')
  [1m[36m (1.3ms)[0m  [1mINSERT INTO "schema_migrations" (version) VALUES ('20150728202132')[0m
  [1m[35m (0.7ms)[0m  INSERT INTO "schema_migrations" (version) VALUES ('20150728220323')
  [1m[36m (5.4ms)[0m  [1mINSERT INTO "schema_migrations" (version) VALUES ('20150807235612')[0m
  [1m[35m (0.6ms)[0m  INSERT INTO "schema_migrations" (version) VALUES ('20150801023720')
  [1m[36m (0.5ms)[0m  [1mINSERT INTO "schema_migrations" (version) VALUES ('20150724223653')[0m
  [1m[35m (0.5ms)[0m  INSERT INTO "schema_migrations" (version) VALUES ('20150727233111')
  [1m[36m (0.5ms)[0m  [1mINSERT INTO "schema_migrations" (version) VALUES ('20150725220128')[0m
  [1m[35m (0.5ms)[0m  INSERT INTO "schema_migrations" (version) VALUES ('20150805183321')
  [1m[36m (0.5ms)[0m  [1mINSERT INTO "schema_migrations" (version) VALUES ('20150807235615')[0m
  [1m[35m (0.6ms)[0m  INSERT INTO "schema_migrations" (version) VALUES ('20150727233137')
  [1m[36mActiveRecord::SchemaMigration Load (0.5ms)[0m  [1mSELECT "schema_migrations".* FROM "schema_migrations"[0m
  [1m[36m (8.4ms)[0m  [1mCREATE TABLE "schema_migrations" ("version" character varying NOT NULL) [0m
  [1m[35m (2.6ms)[0m  CREATE UNIQUE INDEX  "unique_schema_migrations" ON "schema_migrations"  ("version")
  [1m[36mActiveRecord::SchemaMigration Load (0.4ms)[0m  [1mSELECT "schema_migrations".* FROM "schema_migrations"[0m
Migrating to CreateLinks (20150717221015)
  [1m[35m (0.2ms)[0m  BEGIN
  [1m[36m (8.1ms)[0m  [1mCREATE TABLE "links" ("id" serial primary key, "name" character varying, "streetaddress" character varying, "regionaladdress" character varying, "averageprice" character varying, "bedroom" character varying[] DEFAULT '{}', "created_at" timestamp NOT NULL, "updated_at" timestamp NOT NULL) [0m
  [1m[35mSQL (1.2ms)[0m  INSERT INTO "schema_migrations" ("version") VALUES ($1)  [["version", "20150717221015"]]
  [1m[36m (1.8ms)[0m  [1mCOMMIT[0m
Migrating to DeviseCreateUsers (20150717223326)
  [1m[35m (0.2ms)[0m  BEGIN
DEPRECATION WARNING: `#timestamps` was called without specifying an option for `null`. In Rails 5, this behavior will change to `null: false`. You should manually specify `null: true` to prevent the behavior of your existing migrations from changing. (called from block in change at /home/sun/cmpt470/CMPT470PROJECT/db/migrate/20150717223326_devise_create_users.rb:34)
  [1m[36m (10.5ms)[0m  [1mCREATE TABLE "users" ("id" serial primary key, "email" character varying DEFAULT '' NOT NULL, "encrypted_password" character varying DEFAULT '' NOT NULL, "reset_password_token" character varying, "reset_password_sent_at" timestamp, "remember_created_at" timestamp, "sign_in_count" integer DEFAULT 0 NOT NULL, "current_sign_in_at" timestamp, "last_sign_in_at" timestamp, "current_sign_in_ip" inet, "last_sign_in_ip" inet, "created_at" timestamp, "updated_at" timestamp) [0m
  [1m[35m (2.0ms)[0m  CREATE UNIQUE INDEX  "index_users_on_email" ON "users"  ("email")
  [1m[36m (4.4ms)[0m  [1mCREATE UNIQUE INDEX  "index_users_on_reset_password_token" ON "users"  ("reset_password_token")[0m
  [1m[35mSQL (0.3ms)[0m  INSERT INTO "schema_migrations" ("version") VALUES ($1)  [["version", "20150717223326"]]
  [1m[36m (0.9ms)[0m  [1mCOMMIT[0m
Migrating to AddUserIdToLinks (20150717224441)
  [1m[35m (0.3ms)[0m  BEGIN
  [1m[36m (0.4ms)[0m  [1mALTER TABLE "links" ADD "user_id" integer[0m
  [1m[35m (3.7ms)[0m  CREATE  INDEX  "index_links_on_user_id" ON "links"  ("user_id")
  [1m[36mSQL (0.4ms)[0m  [1mINSERT INTO "schema_migrations" ("version") VALUES ($1)[0m  [["version", "20150717224441"]]
  [1m[35m (1.3ms)[0m  COMMIT
Migrating to CreateComments (20150718015120)
  [1m[36m (0.5ms)[0m  [1mBEGIN[0m
  [1m[35m (8.9ms)[0m  CREATE TABLE "comments" ("id" serial primary key, "link_id" integer, "body" text, "user_id" integer, "created_at" timestamp NOT NULL, "updated_at" timestamp NOT NULL) 
  [1m[36m (3.5ms)[0m  [1mCREATE  INDEX  "index_comments_on_user_id" ON "comments"  ("user_id")[0m
  [1m[35m (15.4ms)[0m  ALTER TABLE "comments" ADD CONSTRAINT "fk_rails_03de2dc08c"
FOREIGN KEY ("user_id")
  REFERENCES "users" ("id")

  [1m[36m (4.0ms)[0m  [1mCREATE  INDEX  "index_comments_on_link_id" ON "comments"  ("link_id")[0m
  [1m[35mSQL (0.3ms)[0m  INSERT INTO "schema_migrations" ("version") VALUES ($1)  [["version", "20150718015120"]]
  [1m[36m (0.7ms)[0m  [1mCOMMIT[0m
Migrating to ActsAsVotableMigration (20150724223653)
  [1m[35m (0.3ms)[0m  BEGIN
DEPRECATION WARNING: `#timestamps` was called without specifying an option for `null`. In Rails 5, this behavior will change to `null: false`. You should manually specify `null: true` to prevent the behavior of your existing migrations from changing. (called from block in up at /home/sun/cmpt470/CMPT470PROJECT/db/migrate/20150724223653_acts_as_votable_migration.rb:12)
  [1m[36m (10.4ms)[0m  [1mCREATE TABLE "votes" ("id" serial primary key, "votable_id" integer, "votable_type" character varying, "voter_id" integer, "voter_type" character varying, "vote_flag" boolean, "vote_scope" character varying, "vote_weight" integer, "created_at" timestamp, "updated_at" timestamp) [0m
  [1m[35m (5.6ms)[0m  CREATE  INDEX  "index_votes_on_voter_id_and_voter_type_and_vote_scope" ON "votes"  ("voter_id", "voter_type", "vote_scope")
  [1m[36m (3.2ms)[0m  [1mCREATE  INDEX  "index_votes_on_votable_id_and_votable_type_and_vote_scope" ON "votes"  ("votable_id", "votable_type", "vote_scope")[0m
  [1m[35mSQL (0.2ms)[0m  INSERT INTO "schema_migrations" ("version") VALUES ($1)  [["version", "20150724223653"]]
  [1m[36m (0.9ms)[0m  [1mCOMMIT[0m
Migrating to AddColumnsToUsers (20150725220128)
  [1m[35m (0.2ms)[0m  BEGIN
  [1m[36m (0.4ms)[0m  [1mALTER TABLE "users" ADD "provider" character varying[0m
  [1m[35m (5.3ms)[0m  CREATE  INDEX  "index_users_on_provider" ON "users"  ("provider")
  [1m[36m (1.0ms)[0m  [1mALTER TABLE "users" ADD "uid" character varying[0m
  [1m[35m (3.1ms)[0m  CREATE  INDEX  "index_users_on_uid" ON "users"  ("uid")
  [1m[36mSQL (0.2ms)[0m  [1mINSERT INTO "schema_migrations" ("version") VALUES ($1)[0m  [["version", "20150725220128"]]
  [1m[35m (7.3ms)[0m  COMMIT
Migrating to AddLatitudeToLinks (20150727233111)
  [1m[36m (0.2ms)[0m  [1mBEGIN[0m
  [1m[35m (0.4ms)[0m  ALTER TABLE "links" ADD "latitude" float
  [1m[36mSQL (0.6ms)[0m  [1mINSERT INTO "schema_migrations" ("version") VALUES ($1)[0m  [["version", "20150727233111"]]
  [1m[35m (1.3ms)[0m  COMMIT
Migrating to AddLongitudeToLinks (20150727233137)
  [1m[36m (0.4ms)[0m  [1mBEGIN[0m
  [1m[35m (0.8ms)[0m  ALTER TABLE "links" ADD "longitude" float
  [1m[36mSQL (0.2ms)[0m  [1mINSERT INTO "schema_migrations" ("version") VALUES ($1)[0m  [["version", "20150727233137"]]
  [1m[35m (1.2ms)[0m  COMMIT
Migrating to AddBuiltToLinks (20150728201948)
  [1m[36m (0.2ms)[0m  [1mBEGIN[0m
  [1m[35m (0.5ms)[0m  ALTER TABLE "links" ADD "built" integer
  [1m[36mSQL (0.4ms)[0m  [1mINSERT INTO "schema_migrations" ("version") VALUES ($1)[0m  [["version", "20150728201948"]]
  [1m[35m (1.7ms)[0m  COMMIT
Migrating to AddFloorsToLinks (20150728202029)
  [1m[36m (0.3ms)[0m  [1mBEGIN[0m
  [1m[35m (1.1ms)[0m  ALTER TABLE "links" ADD "floors" integer
  [1m[36mSQL (0.2ms)[0m  [1mINSERT INTO "schema_migrations" ("version") VALUES ($1)[0m  [["version", "20150728202029"]]
  [1m[35m (0.7ms)[0m  COMMIT
Migrating to AddSuitesToLinks (20150728202132)
  [1m[36m (0.1ms)[0m  [1mBEGIN[0m
  [1m[35m (0.4ms)[0m  ALTER TABLE "links" ADD "suites" integer
  [1m[36mSQL (0.3ms)[0m  [1mINSERT INTO "schema_migrations" ("version") VALUES ($1)[0m  [["version", "20150728202132"]]
  [1m[35m (0.7ms)[0m  COMMIT
Migrating to AddAmenitiesToLinks (20150728220323)
  [1m[36m (2.2ms)[0m  [1mBEGIN[0m
  [1m[35m (11.9ms)[0m  ALTER TABLE "links" ADD "amenities" character varying[] DEFAULT '{}'
  [1m[36mSQL (0.2ms)[0m  [1mINSERT INTO "schema_migrations" ("version") VALUES ($1)[0m  [["version", "20150728220323"]]
  [1m[35m (1.8ms)[0m  COMMIT
Migrating to RolifyCreateRoles (20150801023720)
  [1m[36m (0.3ms)[0m  [1mBEGIN[0m
DEPRECATION WARNING: `#timestamps` was called without specifying an option for `null`. In Rails 5, this behavior will change to `null: false`. You should manually specify `null: true` to prevent the behavior of your existing migrations from changing. (called from block in change at /home/sun/cmpt470/CMPT470PROJECT/db/migrate/20150801023720_rolify_create_roles.rb:7)
  [1m[35m (13.3ms)[0m  CREATE TABLE "roles" ("id" serial primary key, "name" character varying, "resource_id" integer, "resource_type" character varying, "created_at" timestamp, "updated_at" timestamp) 
  [1m[36m (11.6ms)[0m  [1mCREATE TABLE "users_roles" ("user_id" integer, "role_id" integer) [0m
  [1m[35m (2.4ms)[0m  CREATE  INDEX  "index_roles_on_name" ON "roles"  ("name")
  [1m[36m (10.7ms)[0m  [1mCREATE  INDEX  "index_roles_on_name_and_resource_type_and_resource_id" ON "roles"  ("name", "resource_type", "resource_id")[0m
  [1m[35m (5.4ms)[0m  CREATE  INDEX  "index_users_roles_on_user_id_and_role_id" ON "users_roles"  ("user_id", "role_id")
  [1m[36mSQL (0.3ms)[0m  [1mINSERT INTO "schema_migrations" ("version") VALUES ($1)[0m  [["version", "20150801023720"]]
  [1m[35m (1.7ms)[0m  COMMIT
Migrating to CreateContacts (20150805183321)
  [1m[36m (0.5ms)[0m  [1mBEGIN[0m
  [1m[35m (19.0ms)[0m  CREATE TABLE "contacts" ("id" serial primary key, "name" character varying, "email" character varying, "message" text, "created_at" timestamp NOT NULL, "updated_at" timestamp NOT NULL) 
  [1m[36mSQL (0.6ms)[0m  [1mINSERT INTO "schema_migrations" ("version") VALUES ($1)[0m  [["version", "20150805183321"]]
  [1m[35m (2.0ms)[0m  COMMIT
Migrating to CreateRatingCaches (20150807235612)
  [1m[36m (0.2ms)[0m  [1mBEGIN[0m
DEPRECATION WARNING: `#timestamps` was called without specifying an option for `null`. In Rails 5, this behavior will change to `null: false`. You should manually specify `null: true` to prevent the behavior of your existing migrations from changing. (called from block in up at /home/sun/cmpt470/CMPT470PROJECT/db/migrate/20150807235612_create_rating_caches.rb:9)
  [1m[35m (18.2ms)[0m  CREATE TABLE "rating_caches" ("id" serial primary key, "cacheable_id" integer, "cacheable_type" character varying, "avg" float NOT NULL, "qty" integer NOT NULL, "dimension" character varying, "created_at" timestamp, "updated_at" timestamp) 
  [1m[36m (2.4ms)[0m  [1mCREATE  INDEX  "index_rating_caches_on_cacheable_id_and_cacheable_type" ON "rating_caches"  ("cacheable_id", "cacheable_type")[0m
  [1m[35mSQL (0.2ms)[0m  INSERT INTO "schema_migrations" ("version") VALUES ($1)  [["version", "20150807235612"]]
  [1m[36m (0.9ms)[0m  [1mCOMMIT[0m
Migrating to CreateRates (20150807235613)
  [1m[35m (0.4ms)[0m  BEGIN
DEPRECATION WARNING: `#timestamps` was called without specifying an option for `null`. In Rails 5, this behavior will change to `null: false`. You should manually specify `null: true` to prevent the behavior of your existing migrations from changing. (called from block in up at /home/sun/cmpt470/CMPT470PROJECT/db/migrate/20150807235613_create_rates.rb:9)
  [1m[36m (13.2ms)[0m  [1mCREATE TABLE "rates" ("id" serial primary key, "rater_id" integer, "rateable_id" integer, "rateable_type" character varying, "stars" float DEFAULT 0.0, "dimension" character varying, "created_at" timestamp, "updated_at" timestamp) [0m
  [1m[35m (1.9ms)[0m  CREATE  INDEX  "index_rates_on_rater_id" ON "rates"  ("rater_id")
  [1m[36m (7.4ms)[0m  [1mCREATE  INDEX  "index_rates_on_rateable_id_and_rateable_type" ON "rates"  ("rateable_id", "rateable_type")[0m
  [1m[35mSQL (0.4ms)[0m  INSERT INTO "schema_migrations" ("version") VALUES ($1)  [["version", "20150807235613"]]
  [1m[36m (0.7ms)[0m  [1mCOMMIT[0m
Migrating to CreateAverageCaches (20150807235614)
  [1m[35m (0.2ms)[0m  BEGIN
DEPRECATION WARNING: `#timestamps` was called without specifying an option for `null`. In Rails 5, this behavior will change to `null: false`. You should manually specify `null: true` to prevent the behavior of your existing migrations from changing. (called from block in up at /home/sun/cmpt470/CMPT470PROJECT/db/migrate/20150807235614_create_average_caches.rb:8)
  [1m[36m (17.5ms)[0m  [1mCREATE TABLE "average_caches" ("id" serial primary key, "rater_id" integer, "rateable_id" integer, "rateable_type" character varying, "avg" float NOT NULL, "created_at" timestamp, "updated_at" timestamp) [0m
  [1m[35mSQL (0.4ms)[0m  INSERT INTO "schema_migrations" ("version") VALUES ($1)  [["version", "20150807235614"]]
  [1m[36m (1.7ms)[0m  [1mCOMMIT[0m
Migrating to CreateOverallAverages (20150807235615)
  [1m[35m (0.2ms)[0m  BEGIN
DEPRECATION WARNING: `#timestamps` was called without specifying an option for `null`. In Rails 5, this behavior will change to `null: false`. You should manually specify `null: true` to prevent the behavior of your existing migrations from changing. (called from block in up at /home/sun/cmpt470/CMPT470PROJECT/db/migrate/20150807235615_create_overall_averages.rb:7)
  [1m[36m (16.5ms)[0m  [1mCREATE TABLE "overall_averages" ("id" serial primary key, "rateable_id" integer, "rateable_type" character varying, "overall_avg" float NOT NULL, "created_at" timestamp, "updated_at" timestamp) [0m
  [1m[35mSQL (0.4ms)[0m  INSERT INTO "schema_migrations" ("version") VALUES ($1)  [["version", "20150807235615"]]
  [1m[36m (1.5ms)[0m  [1mCOMMIT[0m
Migrating to AddAvgRatingToLinks (20150809231944)
  [1m[35m (0.2ms)[0m  BEGIN
  [1m[36m (22.4ms)[0m  [1mALTER TABLE "links" ADD "avg_rating" float DEFAULT 0.0[0m
  [1m[35mSQL (0.4ms)[0m  INSERT INTO "schema_migrations" ("version") VALUES ($1)  [["version", "20150809231944"]]
  [1m[36m (3.3ms)[0m  [1mCOMMIT[0m
  [1m[35mActiveRecord::SchemaMigration Load (0.7ms)[0m  SELECT "schema_migrations".* FROM "schema_migrations"
  [1m[36m (3.8ms)[0m  [1mSELECT t2.oid::regclass::text AS to_table, a1.attname AS column, a2.attname AS primary_key, c.conname AS name, c.confupdtype AS on_update, c.confdeltype AS on_delete
FROM pg_constraint c
JOIN pg_class t1 ON c.conrelid = t1.oid
JOIN pg_class t2 ON c.confrelid = t2.oid
JOIN pg_attribute a1 ON a1.attnum = c.conkey[1] AND a1.attrelid = t1.oid
JOIN pg_attribute a2 ON a2.attnum = c.confkey[1] AND a2.attrelid = t2.oid
JOIN pg_namespace t3 ON c.connamespace = t3.oid
WHERE c.contype = 'f'
  AND t1.relname = 'average_caches'
  AND t3.nspname = ANY (current_schemas(false))
ORDER BY c.conname
[0m
  [1m[35m (3.1ms)[0m  SELECT t2.oid::regclass::text AS to_table, a1.attname AS column, a2.attname AS primary_key, c.conname AS name, c.confupdtype AS on_update, c.confdeltype AS on_delete
FROM pg_constraint c
JOIN pg_class t1 ON c.conrelid = t1.oid
JOIN pg_class t2 ON c.confrelid = t2.oid
JOIN pg_attribute a1 ON a1.attnum = c.conkey[1] AND a1.attrelid = t1.oid
JOIN pg_attribute a2 ON a2.attnum = c.confkey[1] AND a2.attrelid = t2.oid
JOIN pg_namespace t3 ON c.connamespace = t3.oid
WHERE c.contype = 'f'
  AND t1.relname = 'comments'
  AND t3.nspname = ANY (current_schemas(false))
ORDER BY c.conname

  [1m[36m (3.5ms)[0m  [1mSELECT t2.oid::regclass::text AS to_table, a1.attname AS column, a2.attname AS primary_key, c.conname AS name, c.confupdtype AS on_update, c.confdeltype AS on_delete
FROM pg_constraint c
JOIN pg_class t1 ON c.conrelid = t1.oid
JOIN pg_class t2 ON c.confrelid = t2.oid
JOIN pg_attribute a1 ON a1.attnum = c.conkey[1] AND a1.attrelid = t1.oid
JOIN pg_attribute a2 ON a2.attnum = c.confkey[1] AND a2.attrelid = t2.oid
JOIN pg_namespace t3 ON c.connamespace = t3.oid
WHERE c.contype = 'f'
  AND t1.relname = 'contacts'
  AND t3.nspname = ANY (current_schemas(false))
ORDER BY c.conname
[0m
  [1m[35m (4.1ms)[0m  SELECT t2.oid::regclass::text AS to_table, a1.attname AS column, a2.attname AS primary_key, c.conname AS name, c.confupdtype AS on_update, c.confdeltype AS on_delete
FROM pg_constraint c
JOIN pg_class t1 ON c.conrelid = t1.oid
JOIN pg_class t2 ON c.confrelid = t2.oid
JOIN pg_attribute a1 ON a1.attnum = c.conkey[1] AND a1.attrelid = t1.oid
JOIN pg_attribute a2 ON a2.attnum = c.confkey[1] AND a2.attrelid = t2.oid
JOIN pg_namespace t3 ON c.connamespace = t3.oid
WHERE c.contype = 'f'
  AND t1.relname = 'links'
  AND t3.nspname = ANY (current_schemas(false))
ORDER BY c.conname

  [1m[36m (3.6ms)[0m  [1mSELECT t2.oid::regclass::text AS to_table, a1.attname AS column, a2.attname AS primary_key, c.conname AS name, c.confupdtype AS on_update, c.confdeltype AS on_delete
FROM pg_constraint c
JOIN pg_class t1 ON c.conrelid = t1.oid
JOIN pg_class t2 ON c.confrelid = t2.oid
JOIN pg_attribute a1 ON a1.attnum = c.conkey[1] AND a1.attrelid = t1.oid
JOIN pg_attribute a2 ON a2.attnum = c.confkey[1] AND a2.attrelid = t2.oid
JOIN pg_namespace t3 ON c.connamespace = t3.oid
WHERE c.contype = 'f'
  AND t1.relname = 'overall_averages'
  AND t3.nspname = ANY (current_schemas(false))
ORDER BY c.conname
[0m
  [1m[35m (3.5ms)[0m  SELECT t2.oid::regclass::text AS to_table, a1.attname AS column, a2.attname AS primary_key, c.conname AS name, c.confupdtype AS on_update, c.confdeltype AS on_delete
FROM pg_constraint c
JOIN pg_class t1 ON c.conrelid = t1.oid
JOIN pg_class t2 ON c.confrelid = t2.oid
JOIN pg_attribute a1 ON a1.attnum = c.conkey[1] AND a1.attrelid = t1.oid
JOIN pg_attribute a2 ON a2.attnum = c.confkey[1] AND a2.attrelid = t2.oid
JOIN pg_namespace t3 ON c.connamespace = t3.oid
WHERE c.contype = 'f'
  AND t1.relname = 'rates'
  AND t3.nspname = ANY (current_schemas(false))
ORDER BY c.conname

  [1m[36m (4.5ms)[0m  [1mSELECT t2.oid::regclass::text AS to_table, a1.attname AS column, a2.attname AS primary_key, c.conname AS name, c.confupdtype AS on_update, c.confdeltype AS on_delete
FROM pg_constraint c
JOIN pg_class t1 ON c.conrelid = t1.oid
JOIN pg_class t2 ON c.confrelid = t2.oid
JOIN pg_attribute a1 ON a1.attnum = c.conkey[1] AND a1.attrelid = t1.oid
JOIN pg_attribute a2 ON a2.attnum = c.confkey[1] AND a2.attrelid = t2.oid
JOIN pg_namespace t3 ON c.connamespace = t3.oid
WHERE c.contype = 'f'
  AND t1.relname = 'rating_caches'
  AND t3.nspname = ANY (current_schemas(false))
ORDER BY c.conname
[0m
  [1m[35m (3.5ms)[0m  SELECT t2.oid::regclass::text AS to_table, a1.attname AS column, a2.attname AS primary_key, c.conname AS name, c.confupdtype AS on_update, c.confdeltype AS on_delete
FROM pg_constraint c
JOIN pg_class t1 ON c.conrelid = t1.oid
JOIN pg_class t2 ON c.confrelid = t2.oid
JOIN pg_attribute a1 ON a1.attnum = c.conkey[1] AND a1.attrelid = t1.oid
JOIN pg_attribute a2 ON a2.attnum = c.confkey[1] AND a2.attrelid = t2.oid
JOIN pg_namespace t3 ON c.connamespace = t3.oid
WHERE c.contype = 'f'
  AND t1.relname = 'roles'
  AND t3.nspname = ANY (current_schemas(false))
ORDER BY c.conname

  [1m[36m (3.5ms)[0m  [1mSELECT t2.oid::regclass::text AS to_table, a1.attname AS column, a2.attname AS primary_key, c.conname AS name, c.confupdtype AS on_update, c.confdeltype AS on_delete
FROM pg_constraint c
JOIN pg_class t1 ON c.conrelid = t1.oid
JOIN pg_class t2 ON c.confrelid = t2.oid
JOIN pg_attribute a1 ON a1.attnum = c.conkey[1] AND a1.attrelid = t1.oid
JOIN pg_attribute a2 ON a2.attnum = c.confkey[1] AND a2.attrelid = t2.oid
JOIN pg_namespace t3 ON c.connamespace = t3.oid
WHERE c.contype = 'f'
  AND t1.relname = 'users'
  AND t3.nspname = ANY (current_schemas(false))
ORDER BY c.conname
[0m
  [1m[35m (3.4ms)[0m  SELECT t2.oid::regclass::text AS to_table, a1.attname AS column, a2.attname AS primary_key, c.conname AS name, c.confupdtype AS on_update, c.confdeltype AS on_delete
FROM pg_constraint c
JOIN pg_class t1 ON c.conrelid = t1.oid
JOIN pg_class t2 ON c.confrelid = t2.oid
JOIN pg_attribute a1 ON a1.attnum = c.conkey[1] AND a1.attrelid = t1.oid
JOIN pg_attribute a2 ON a2.attnum = c.confkey[1] AND a2.attrelid = t2.oid
JOIN pg_namespace t3 ON c.connamespace = t3.oid
WHERE c.contype = 'f'
  AND t1.relname = 'users_roles'
  AND t3.nspname = ANY (current_schemas(false))
ORDER BY c.conname

  [1m[36m (3.4ms)[0m  [1mSELECT t2.oid::regclass::text AS to_table, a1.attname AS column, a2.attname AS primary_key, c.conname AS name, c.confupdtype AS on_update, c.confdeltype AS on_delete
FROM pg_constraint c
JOIN pg_class t1 ON c.conrelid = t1.oid
JOIN pg_class t2 ON c.confrelid = t2.oid
JOIN pg_attribute a1 ON a1.attnum = c.conkey[1] AND a1.attrelid = t1.oid
JOIN pg_attribute a2 ON a2.attnum = c.confkey[1] AND a2.attrelid = t2.oid
JOIN pg_namespace t3 ON c.connamespace = t3.oid
WHERE c.contype = 'f'
  AND t1.relname = 'votes'
  AND t3.nspname = ANY (current_schemas(false))
ORDER BY c.conname
[0m


Started GET "/" for 127.0.0.1 at 2015-08-10 18:05:06 -0700
  [1m[36mActiveRecord::SchemaMigration Load (1.2ms)[0m  [1mSELECT "schema_migrations".* FROM "schema_migrations"[0m
Processing by LinksController#index as HTML
  [1m[35mLink Load (2.4ms)[0m  SELECT  "links".* FROM "links"  ORDER BY averageprice LIMIT 5
  Rendered links/index.html.erb within layouts/application (98.9ms)
  [1m[36mUser Load (1.8ms)[0m  [1mSELECT  "users".* FROM "users" WHERE "users"."id" = $1  ORDER BY "users"."id" ASC LIMIT 1[0m  [["id", 1]]
Completed 200 OK in 16233ms (Views: 16115.3ms | ActiveRecord: 13.9ms)


Started GET "/assets/main3.jpg" for 127.0.0.1 at 2015-08-10 18:05:23 -0700


Started GET "/users/sign_up" for 127.0.0.1 at 2015-08-10 18:06:16 -0700
Processing by Devise::RegistrationsController#new as HTML
  Rendered devise/shared/_links.erb (2.1ms)
  Rendered devise/registrations/new.html.erb within layouts/application (24.8ms)
Completed 200 OK in 2431ms (Views: 2401.1ms | ActiveRecord: 0.0ms)


Started GET "/" for 127.0.0.1 at 2015-08-10 18:06:21 -0700
Processing by LinksController#index as HTML
  [1m[35mLink Load (2.7ms)[0m  SELECT  "links".* FROM "links"  ORDER BY averageprice LIMIT 5
  Rendered links/index.html.erb within layouts/application (24.3ms)
Completed 200 OK in 908ms (Views: 903.2ms | ActiveRecord: 2.7ms)


Started GET "/" for 127.0.0.1 at 2015-08-10 18:07:42 -0700
Processing by LinksController#index as HTML
  [1m[36mLink Load (6.5ms)[0m  [1mSELECT  "links".* FROM "links"  ORDER BY averageprice LIMIT 5[0m
  Rendered links/index.html.erb within layouts/application (229.6ms)
Completed 200 OK in 5489ms (Views: 5436.5ms | ActiveRecord: 6.5ms)


Started GET "/assets/main3.jpg" for 127.0.0.1 at 2015-08-10 18:07:48 -0700


Started GET "/users/sign_up" for 127.0.0.1 at 2015-08-10 18:08:05 -0700
Processing by Devise::RegistrationsController#new as HTML
  Rendered devise/shared/_links.erb (1.4ms)
  Rendered devise/registrations/new.html.erb within layouts/application (29.5ms)
Completed 200 OK in 3104ms (Views: 3084.2ms | ActiveRecord: 0.0ms)


Started GET "/" for 127.0.0.1 at 2015-08-10 18:08:11 -0700
Processing by LinksController#index as HTML
  [1m[35mLink Load (1.3ms)[0m  SELECT  "links".* FROM "links"  ORDER BY averageprice LIMIT 5
  Rendered links/index.html.erb within layouts/application (20.4ms)
Completed 200 OK in 1252ms (Views: 1249.6ms | ActiveRecord: 1.3ms)


Started GET "/" for 127.0.0.1 at 2015-08-10 18:26:00 -0700
Processing by LinksController#index as HTML
  [1m[36mLink Load (131.7ms)[0m  [1mSELECT  "links".* FROM "links"  ORDER BY averageprice LIMIT 5[0m
  Rendered links/index.html.erb within layouts/application (1326.6ms)
Completed 200 OK in 10842ms (Views: 10349.2ms | ActiveRecord: 131.7ms)


Started GET "/assets/jquery.quovolver.self-fd63b2a1d95937de06810150dafd34687dcbe553a94f9092b02daff4626ad35b.js?body=1" for 127.0.0.1 at 2015-08-10 18:26:12 -0700


Started GET "/jquery.quovolver.js" for 127.0.0.1 at 2015-08-10 18:26:12 -0700

ActionController::RoutingError (No route matches [GET] "/jquery.quovolver.js"):
  actionpack (4.2.3) lib/action_dispatch/middleware/debug_exceptions.rb:21:in `call'
  web-console (2.2.1) lib/web_console/middleware.rb:39:in `call'
  actionpack (4.2.3) lib/action_dispatch/middleware/show_exceptions.rb:30:in `call'
  railties (4.2.3) lib/rails/rack/logger.rb:38:in `call_app'
  railties (4.2.3) lib/rails/rack/logger.rb:20:in `block in call'
  activesupport (4.2.3) lib/active_support/tagged_logging.rb:68:in `block in tagged'
  activesupport (4.2.3) lib/active_support/tagged_logging.rb:26:in `tagged'
  activesupport (4.2.3) lib/active_support/tagged_logging.rb:68:in `tagged'
  railties (4.2.3) lib/rails/rack/logger.rb:20:in `call'
  actionpack (4.2.3) lib/action_dispatch/middleware/request_id.rb:21:in `call'
  rack (1.6.4) lib/rack/methodoverride.rb:22:in `call'
  rack (1.6.4) lib/rack/runtime.rb:18:in `call'
  activesupport (4.2.3) lib/active_support/cache/strategy/local_cache_middleware.rb:28:in `call'
  rack (1.6.4) lib/rack/lock.rb:17:in `call'
  actionpack (4.2.3) lib/action_dispatch/middleware/static.rb:116:in `call'
  rack (1.6.4) lib/rack/sendfile.rb:113:in `call'
  railties (4.2.3) lib/rails/engine.rb:518:in `call'
  railties (4.2.3) lib/rails/application.rb:165:in `call'
  rack (1.6.4) lib/rack/lock.rb:17:in `call'
  rack (1.6.4) lib/rack/content_length.rb:15:in `call'
  rack (1.6.4) lib/rack/handler/webrick.rb:88:in `service'
  /home/sun/.rvm/rubies/ruby-2.2.2/lib/ruby/2.2.0/webrick/httpserver.rb:138:in `service'
  /home/sun/.rvm/rubies/ruby-2.2.2/lib/ruby/2.2.0/webrick/httpserver.rb:94:in `run'
  /home/sun/.rvm/rubies/ruby-2.2.2/lib/ruby/2.2.0/webrick/server.rb:294:in `block in start_thread'


  Rendered /home/sun/.rvm/gems/ruby-2.2.2/gems/actionpack-4.2.3/lib/action_dispatch/middleware/templates/rescues/_trace.html.erb (9.8ms)
  Rendered /home/sun/.rvm/gems/ruby-2.2.2/gems/actionpack-4.2.3/lib/action_dispatch/middleware/templates/routes/_route.html.erb (17.1ms)
  Rendered /home/sun/.rvm/gems/ruby-2.2.2/gems/actionpack-4.2.3/lib/action_dispatch/middleware/templates/routes/_table.html.erb (152.1ms)
  Rendered /home/sun/.rvm/gems/ruby-2.2.2/gems/actionpack-4.2.3/lib/action_dispatch/middleware/templates/rescues/_request_and_response.html.erb (13.2ms)
  Rendered /home/sun/.rvm/gems/ruby-2.2.2/gems/actionpack-4.2.3/lib/action_dispatch/middleware/templates/rescues/routing_error.html.erb within rescues/layout (353.1ms)
  Rendered /home/sun/.rvm/gems/ruby-2.2.2/gems/web-console-2.2.1/lib/web_console/templates/_markup.html.erb (5.4ms)
  Rendered /home/sun/.rvm/gems/ruby-2.2.2/gems/web-console-2.2.1/lib/web_console/templates/_inner_console_markup.html.erb within layouts/inlined_string (1.9ms)
  Rendered /home/sun/.rvm/gems/ruby-2.2.2/gems/web-console-2.2.1/lib/web_console/templates/_prompt_box_markup.html.erb within layouts/inlined_string (0.6ms)
  Rendered /home/sun/.rvm/gems/ruby-2.2.2/gems/web-console-2.2.1/lib/web_console/templates/style.css.erb within layouts/inlined_string (3.4ms)
  Rendered /home/sun/.rvm/gems/ruby-2.2.2/gems/web-console-2.2.1/lib/web_console/templates/console.js.erb within layouts/javascript (60.0ms)
  Rendered /home/sun/.rvm/gems/ruby-2.2.2/gems/web-console-2.2.1/lib/web_console/templates/main.js.erb within layouts/javascript (0.5ms)
  Rendered /home/sun/.rvm/gems/ruby-2.2.2/gems/web-console-2.2.1/lib/web_console/templates/error_page.js.erb within layouts/javascript (7.1ms)
  Rendered /home/sun/.rvm/gems/ruby-2.2.2/gems/web-console-2.2.1/lib/web_console/templates/index.html.erb (139.2ms)


Started GET "/assets/main3.jpg" for 127.0.0.1 at 2015-08-10 18:26:13 -0700


Started GET "/" for 127.0.0.1 at 2015-08-10 18:27:31 -0700
Processing by LinksController#index as HTML
  [1m[35mLink Load (3.5ms)[0m  SELECT  "links".* FROM "links"  ORDER BY averageprice LIMIT 5
  Rendered links/index.html.erb within layouts/application (31.8ms)
Completed 200 OK in 1341ms (Views: 1316.2ms | ActiveRecord: 3.5ms)


Started GET "/jquery.quovolver.js" for 127.0.0.1 at 2015-08-10 18:27:33 -0700

ActionController::RoutingError (No route matches [GET] "/jquery.quovolver.js"):
  actionpack (4.2.3) lib/action_dispatch/middleware/debug_exceptions.rb:21:in `call'
  web-console (2.2.1) lib/web_console/middleware.rb:39:in `call'
  actionpack (4.2.3) lib/action_dispatch/middleware/show_exceptions.rb:30:in `call'
  railties (4.2.3) lib/rails/rack/logger.rb:38:in `call_app'
  railties (4.2.3) lib/rails/rack/logger.rb:20:in `block in call'
  activesupport (4.2.3) lib/active_support/tagged_logging.rb:68:in `block in tagged'
  activesupport (4.2.3) lib/active_support/tagged_logging.rb:26:in `tagged'
  activesupport (4.2.3) lib/active_support/tagged_logging.rb:68:in `tagged'
  railties (4.2.3) lib/rails/rack/logger.rb:20:in `call'
  actionpack (4.2.3) lib/action_dispatch/middleware/request_id.rb:21:in `call'
  rack (1.6.4) lib/rack/methodoverride.rb:22:in `call'
  rack (1.6.4) lib/rack/runtime.rb:18:in `call'
  activesupport (4.2.3) lib/active_support/cache/strategy/local_cache_middleware.rb:28:in `call'
  rack (1.6.4) lib/rack/lock.rb:17:in `call'
  actionpack (4.2.3) lib/action_dispatch/middleware/static.rb:116:in `call'
  rack (1.6.4) lib/rack/sendfile.rb:113:in `call'
  railties (4.2.3) lib/rails/engine.rb:518:in `call'
  railties (4.2.3) lib/rails/application.rb:165:in `call'
  rack (1.6.4) lib/rack/lock.rb:17:in `call'
  rack (1.6.4) lib/rack/content_length.rb:15:in `call'
  rack (1.6.4) lib/rack/handler/webrick.rb:88:in `service'
  /home/sun/.rvm/rubies/ruby-2.2.2/lib/ruby/2.2.0/webrick/httpserver.rb:138:in `service'
  /home/sun/.rvm/rubies/ruby-2.2.2/lib/ruby/2.2.0/webrick/httpserver.rb:94:in `run'
  /home/sun/.rvm/rubies/ruby-2.2.2/lib/ruby/2.2.0/webrick/server.rb:294:in `block in start_thread'


  Rendered /home/sun/.rvm/gems/ruby-2.2.2/gems/actionpack-4.2.3/lib/action_dispatch/middleware/templates/rescues/_trace.html.erb (9.9ms)
  Rendered /home/sun/.rvm/gems/ruby-2.2.2/gems/actionpack-4.2.3/lib/action_dispatch/middleware/templates/routes/_route.html.erb (4.9ms)
  Rendered /home/sun/.rvm/gems/ruby-2.2.2/gems/actionpack-4.2.3/lib/action_dispatch/middleware/templates/routes/_table.html.erb (3.4ms)
  Rendered /home/sun/.rvm/gems/ruby-2.2.2/gems/actionpack-4.2.3/lib/action_dispatch/middleware/templates/rescues/_request_and_response.html.erb (2.3ms)
  Rendered /home/sun/.rvm/gems/ruby-2.2.2/gems/actionpack-4.2.3/lib/action_dispatch/middleware/templates/rescues/routing_error.html.erb within rescues/layout (156.1ms)
  Rendered /home/sun/.rvm/gems/ruby-2.2.2/gems/web-console-2.2.1/lib/web_console/templates/_markup.html.erb (2.3ms)
  Rendered /home/sun/.rvm/gems/ruby-2.2.2/gems/web-console-2.2.1/lib/web_console/templates/_inner_console_markup.html.erb within layouts/inlined_string (0.6ms)
  Rendered /home/sun/.rvm/gems/ruby-2.2.2/gems/web-console-2.2.1/lib/web_console/templates/_prompt_box_markup.html.erb within layouts/inlined_string (2.4ms)
  Rendered /home/sun/.rvm/gems/ruby-2.2.2/gems/web-console-2.2.1/lib/web_console/templates/style.css.erb within layouts/inlined_string (0.6ms)
  Rendered /home/sun/.rvm/gems/ruby-2.2.2/gems/web-console-2.2.1/lib/web_console/templates/console.js.erb within layouts/javascript (51.6ms)
  Rendered /home/sun/.rvm/gems/ruby-2.2.2/gems/web-console-2.2.1/lib/web_console/templates/main.js.erb within layouts/javascript (1.0ms)
  Rendered /home/sun/.rvm/gems/ruby-2.2.2/gems/web-console-2.2.1/lib/web_console/templates/error_page.js.erb within layouts/javascript (4.6ms)
  Rendered /home/sun/.rvm/gems/ruby-2.2.2/gems/web-console-2.2.1/lib/web_console/templates/index.html.erb (119.3ms)


Started GET "/assets/main3.jpg" for 127.0.0.1 at 2015-08-10 18:27:33 -0700


Started GET "/" for 127.0.0.1 at 2015-08-10 18:27:40 -0700
Processing by LinksController#index as HTML
  [1m[36mLink Load (3.9ms)[0m  [1mSELECT  "links".* FROM "links"  ORDER BY averageprice LIMIT 5[0m
  Rendered links/index.html.erb within layouts/application (20.3ms)
Completed 200 OK in 998ms (Views: 992.2ms | ActiveRecord: 3.9ms)


Started GET "/jquery.quovolver.js" for 127.0.0.1 at 2015-08-10 18:27:41 -0700

ActionController::RoutingError (No route matches [GET] "/jquery.quovolver.js"):
  actionpack (4.2.3) lib/action_dispatch/middleware/debug_exceptions.rb:21:in `call'
  web-console (2.2.1) lib/web_console/middleware.rb:39:in `call'
  actionpack (4.2.3) lib/action_dispatch/middleware/show_exceptions.rb:30:in `call'
  railties (4.2.3) lib/rails/rack/logger.rb:38:in `call_app'
  railties (4.2.3) lib/rails/rack/logger.rb:20:in `block in call'
  activesupport (4.2.3) lib/active_support/tagged_logging.rb:68:in `block in tagged'
  activesupport (4.2.3) lib/active_support/tagged_logging.rb:26:in `tagged'
  activesupport (4.2.3) lib/active_support/tagged_logging.rb:68:in `tagged'
  railties (4.2.3) lib/rails/rack/logger.rb:20:in `call'
  actionpack (4.2.3) lib/action_dispatch/middleware/request_id.rb:21:in `call'
  rack (1.6.4) lib/rack/methodoverride.rb:22:in `call'
  rack (1.6.4) lib/rack/runtime.rb:18:in `call'
  activesupport (4.2.3) lib/active_support/cache/strategy/local_cache_middleware.rb:28:in `call'
  rack (1.6.4) lib/rack/lock.rb:17:in `call'
  actionpack (4.2.3) lib/action_dispatch/middleware/static.rb:116:in `call'
  rack (1.6.4) lib/rack/sendfile.rb:113:in `call'
  railties (4.2.3) lib/rails/engine.rb:518:in `call'
  railties (4.2.3) lib/rails/application.rb:165:in `call'
  rack (1.6.4) lib/rack/lock.rb:17:in `call'
  rack (1.6.4) lib/rack/content_length.rb:15:in `call'
  rack (1.6.4) lib/rack/handler/webrick.rb:88:in `service'
  /home/sun/.rvm/rubies/ruby-2.2.2/lib/ruby/2.2.0/webrick/httpserver.rb:138:in `service'
  /home/sun/.rvm/rubies/ruby-2.2.2/lib/ruby/2.2.0/webrick/httpserver.rb:94:in `run'
  /home/sun/.rvm/rubies/ruby-2.2.2/lib/ruby/2.2.0/webrick/server.rb:294:in `block in start_thread'


  Rendered /home/sun/.rvm/gems/ruby-2.2.2/gems/actionpack-4.2.3/lib/action_dispatch/middleware/templates/rescues/_trace.html.erb (4.7ms)
  Rendered /home/sun/.rvm/gems/ruby-2.2.2/gems/actionpack-4.2.3/lib/action_dispatch/middleware/templates/routes/_route.html.erb (8.3ms)
  Rendered /home/sun/.rvm/gems/ruby-2.2.2/gems/actionpack-4.2.3/lib/action_dispatch/middleware/templates/routes/_table.html.erb (4.5ms)
  Rendered /home/sun/.rvm/gems/ruby-2.2.2/gems/actionpack-4.2.3/lib/action_dispatch/middleware/templates/rescues/_request_and_response.html.erb (2.3ms)
  Rendered /home/sun/.rvm/gems/ruby-2.2.2/gems/actionpack-4.2.3/lib/action_dispatch/middleware/templates/rescues/routing_error.html.erb within rescues/layout (118.2ms)
  Rendered /home/sun/.rvm/gems/ruby-2.2.2/gems/web-console-2.2.1/lib/web_console/templates/_markup.html.erb (4.0ms)
  Rendered /home/sun/.rvm/gems/ruby-2.2.2/gems/web-console-2.2.1/lib/web_console/templates/_inner_console_markup.html.erb within layouts/inlined_string (4.8ms)
  Rendered /home/sun/.rvm/gems/ruby-2.2.2/gems/web-console-2.2.1/lib/web_console/templates/_prompt_box_markup.html.erb within layouts/inlined_string (5.4ms)
  Rendered /home/sun/.rvm/gems/ruby-2.2.2/gems/web-console-2.2.1/lib/web_console/templates/style.css.erb within layouts/inlined_string (6.1ms)
  Rendered /home/sun/.rvm/gems/ruby-2.2.2/gems/web-console-2.2.1/lib/web_console/templates/console.js.erb within layouts/javascript (52.0ms)
  Rendered /home/sun/.rvm/gems/ruby-2.2.2/gems/web-console-2.2.1/lib/web_console/templates/main.js.erb within layouts/javascript (2.3ms)
  Rendered /home/sun/.rvm/gems/ruby-2.2.2/gems/web-console-2.2.1/lib/web_console/templates/error_page.js.erb within layouts/javascript (0.7ms)
  Rendered /home/sun/.rvm/gems/ruby-2.2.2/gems/web-console-2.2.1/lib/web_console/templates/index.html.erb (104.2ms)


Started GET "/assets/main3.jpg" for 127.0.0.1 at 2015-08-10 18:27:42 -0700


Started GET "/" for 127.0.0.1 at 2015-08-10 18:28:00 -0700
Processing by LinksController#index as HTML
  [1m[35mLink Load (0.6ms)[0m  SELECT  "links".* FROM "links"  ORDER BY averageprice LIMIT 5
  Rendered links/index.html.erb within layouts/application (31.3ms)
Completed 200 OK in 1199ms (Views: 1191.0ms | ActiveRecord: 0.6ms)


Started GET "/jquery.quovolver.js" for 127.0.0.1 at 2015-08-10 18:28:01 -0700

ActionController::RoutingError (No route matches [GET] "/jquery.quovolver.js"):
  actionpack (4.2.3) lib/action_dispatch/middleware/debug_exceptions.rb:21:in `call'
  web-console (2.2.1) lib/web_console/middleware.rb:39:in `call'
  actionpack (4.2.3) lib/action_dispatch/middleware/show_exceptions.rb:30:in `call'
  railties (4.2.3) lib/rails/rack/logger.rb:38:in `call_app'
  railties (4.2.3) lib/rails/rack/logger.rb:20:in `block in call'
  activesupport (4.2.3) lib/active_support/tagged_logging.rb:68:in `block in tagged'
  activesupport (4.2.3) lib/active_support/tagged_logging.rb:26:in `tagged'
  activesupport (4.2.3) lib/active_support/tagged_logging.rb:68:in `tagged'
  railties (4.2.3) lib/rails/rack/logger.rb:20:in `call'
  actionpack (4.2.3) lib/action_dispatch/middleware/request_id.rb:21:in `call'
  rack (1.6.4) lib/rack/methodoverride.rb:22:in `call'
  rack (1.6.4) lib/rack/runtime.rb:18:in `call'
  activesupport (4.2.3) lib/active_support/cache/strategy/local_cache_middleware.rb:28:in `call'
  rack (1.6.4) lib/rack/lock.rb:17:in `call'
  actionpack (4.2.3) lib/action_dispatch/middleware/static.rb:116:in `call'
  rack (1.6.4) lib/rack/sendfile.rb:113:in `call'
  railties (4.2.3) lib/rails/engine.rb:518:in `call'
  railties (4.2.3) lib/rails/application.rb:165:in `call'
  rack (1.6.4) lib/rack/lock.rb:17:in `call'
  rack (1.6.4) lib/rack/content_length.rb:15:in `call'
  rack (1.6.4) lib/rack/handler/webrick.rb:88:in `service'
  /home/sun/.rvm/rubies/ruby-2.2.2/lib/ruby/2.2.0/webrick/httpserver.rb:138:in `service'
  /home/sun/.rvm/rubies/ruby-2.2.2/lib/ruby/2.2.0/webrick/httpserver.rb:94:in `run'
  /home/sun/.rvm/rubies/ruby-2.2.2/lib/ruby/2.2.0/webrick/server.rb:294:in `block in start_thread'


  Rendered /home/sun/.rvm/gems/ruby-2.2.2/gems/actionpack-4.2.3/lib/action_dispatch/middleware/templates/rescues/_trace.html.erb (3.6ms)
  Rendered /home/sun/.rvm/gems/ruby-2.2.2/gems/actionpack-4.2.3/lib/action_dispatch/middleware/templates/routes/_route.html.erb (55.7ms)
  Rendered /home/sun/.rvm/gems/ruby-2.2.2/gems/actionpack-4.2.3/lib/action_dispatch/middleware/templates/routes/_table.html.erb (26.6ms)
  Rendered /home/sun/.rvm/gems/ruby-2.2.2/gems/actionpack-4.2.3/lib/action_dispatch/middleware/templates/rescues/_request_and_response.html.erb (20.4ms)
  Rendered /home/sun/.rvm/gems/ruby-2.2.2/gems/actionpack-4.2.3/lib/action_dispatch/middleware/templates/rescues/routing_error.html.erb within rescues/layout (426.3ms)
  Rendered /home/sun/.rvm/gems/ruby-2.2.2/gems/web-console-2.2.1/lib/web_console/templates/_markup.html.erb (6.4ms)
  Rendered /home/sun/.rvm/gems/ruby-2.2.2/gems/web-console-2.2.1/lib/web_console/templates/_inner_console_markup.html.erb within layouts/inlined_string (8.8ms)
  Rendered /home/sun/.rvm/gems/ruby-2.2.2/gems/web-console-2.2.1/lib/web_console/templates/_prompt_box_markup.html.erb within layouts/inlined_string (13.9ms)
  Rendered /home/sun/.rvm/gems/ruby-2.2.2/gems/web-console-2.2.1/lib/web_console/templates/style.css.erb within layouts/inlined_string (3.1ms)
  Rendered /home/sun/.rvm/gems/ruby-2.2.2/gems/web-console-2.2.1/lib/web_console/templates/console.js.erb within layouts/javascript (213.5ms)
  Rendered /home/sun/.rvm/gems/ruby-2.2.2/gems/web-console-2.2.1/lib/web_console/templates/main.js.erb within layouts/javascript (16.2ms)
  Rendered /home/sun/.rvm/gems/ruby-2.2.2/gems/web-console-2.2.1/lib/web_console/templates/error_page.js.erb within layouts/javascript (1.4ms)
  Rendered /home/sun/.rvm/gems/ruby-2.2.2/gems/web-console-2.2.1/lib/web_console/templates/index.html.erb (417.6ms)


Started GET "/assets/main3.jpg" for 127.0.0.1 at 2015-08-10 18:28:04 -0700


Started GET "/jquery.quovolver.js" for 127.0.0.1 at 2015-08-10 18:28:04 -0700

ActionController::RoutingError (No route matches [GET] "/jquery.quovolver.js"):
  actionpack (4.2.3) lib/action_dispatch/middleware/debug_exceptions.rb:21:in `call'
  web-console (2.2.1) lib/web_console/middleware.rb:39:in `call'
  actionpack (4.2.3) lib/action_dispatch/middleware/show_exceptions.rb:30:in `call'
  railties (4.2.3) lib/rails/rack/logger.rb:38:in `call_app'
  railties (4.2.3) lib/rails/rack/logger.rb:20:in `block in call'
  activesupport (4.2.3) lib/active_support/tagged_logging.rb:68:in `block in tagged'
  activesupport (4.2.3) lib/active_support/tagged_logging.rb:26:in `tagged'
  activesupport (4.2.3) lib/active_support/tagged_logging.rb:68:in `tagged'
  railties (4.2.3) lib/rails/rack/logger.rb:20:in `call'
  actionpack (4.2.3) lib/action_dispatch/middleware/request_id.rb:21:in `call'
  rack (1.6.4) lib/rack/methodoverride.rb:22:in `call'
  rack (1.6.4) lib/rack/runtime.rb:18:in `call'
  activesupport (4.2.3) lib/active_support/cache/strategy/local_cache_middleware.rb:28:in `call'
  rack (1.6.4) lib/rack/lock.rb:17:in `call'
  actionpack (4.2.3) lib/action_dispatch/middleware/static.rb:116:in `call'
  rack (1.6.4) lib/rack/sendfile.rb:113:in `call'
  railties (4.2.3) lib/rails/engine.rb:518:in `call'
  railties (4.2.3) lib/rails/application.rb:165:in `call'
  rack (1.6.4) lib/rack/lock.rb:17:in `call'
  rack (1.6.4) lib/rack/content_length.rb:15:in `call'
  rack (1.6.4) lib/rack/handler/webrick.rb:88:in `service'
  /home/sun/.rvm/rubies/ruby-2.2.2/lib/ruby/2.2.0/webrick/httpserver.rb:138:in `service'
  /home/sun/.rvm/rubies/ruby-2.2.2/lib/ruby/2.2.0/webrick/httpserver.rb:94:in `run'
  /home/sun/.rvm/rubies/ruby-2.2.2/lib/ruby/2.2.0/webrick/server.rb:294:in `block in start_thread'


  Rendered /home/sun/.rvm/gems/ruby-2.2.2/gems/actionpack-4.2.3/lib/action_dispatch/middleware/templates/rescues/_trace.html.erb (14.0ms)
  Rendered /home/sun/.rvm/gems/ruby-2.2.2/gems/actionpack-4.2.3/lib/action_dispatch/middleware/templates/routes/_route.html.erb (13.4ms)
  Rendered /home/sun/.rvm/gems/ruby-2.2.2/gems/actionpack-4.2.3/lib/action_dispatch/middleware/templates/routes/_table.html.erb (11.6ms)
  Rendered /home/sun/.rvm/gems/ruby-2.2.2/gems/actionpack-4.2.3/lib/action_dispatch/middleware/templates/rescues/_request_and_response.html.erb (5.1ms)
  Rendered /home/sun/.rvm/gems/ruby-2.2.2/gems/actionpack-4.2.3/lib/action_dispatch/middleware/templates/rescues/routing_error.html.erb within rescues/layout (174.4ms)
  Rendered /home/sun/.rvm/gems/ruby-2.2.2/gems/web-console-2.2.1/lib/web_console/templates/_markup.html.erb (0.7ms)
  Rendered /home/sun/.rvm/gems/ruby-2.2.2/gems/web-console-2.2.1/lib/web_console/templates/_inner_console_markup.html.erb within layouts/inlined_string (0.5ms)
  Rendered /home/sun/.rvm/gems/ruby-2.2.2/gems/web-console-2.2.1/lib/web_console/templates/_prompt_box_markup.html.erb within layouts/inlined_string (0.6ms)
  Rendered /home/sun/.rvm/gems/ruby-2.2.2/gems/web-console-2.2.1/lib/web_console/templates/style.css.erb within layouts/inlined_string (2.4ms)
  Rendered /home/sun/.rvm/gems/ruby-2.2.2/gems/web-console-2.2.1/lib/web_console/templates/console.js.erb within layouts/javascript (45.0ms)
  Rendered /home/sun/.rvm/gems/ruby-2.2.2/gems/web-console-2.2.1/lib/web_console/templates/main.js.erb within layouts/javascript (1.9ms)
  Rendered /home/sun/.rvm/gems/ruby-2.2.2/gems/web-console-2.2.1/lib/web_console/templates/error_page.js.erb within layouts/javascript (2.0ms)
  Rendered /home/sun/.rvm/gems/ruby-2.2.2/gems/web-console-2.2.1/lib/web_console/templates/index.html.erb (110.5ms)


Started GET "/" for 127.0.0.1 at 2015-08-10 18:28:29 -0700
Processing by LinksController#index as HTML
  [1m[36mLink Load (13.0ms)[0m  [1mSELECT  "links".* FROM "links"  ORDER BY averageprice LIMIT 5[0m
  Rendered links/index.html.erb within layouts/application (26.5ms)
Completed 200 OK in 890ms (Views: 876.1ms | ActiveRecord: 13.0ms)


Started GET "/jquery.quovolver.js" for 127.0.0.1 at 2015-08-10 18:28:30 -0700

ActionController::RoutingError (No route matches [GET] "/jquery.quovolver.js"):
  actionpack (4.2.3) lib/action_dispatch/middleware/debug_exceptions.rb:21:in `call'
  web-console (2.2.1) lib/web_console/middleware.rb:39:in `call'
  actionpack (4.2.3) lib/action_dispatch/middleware/show_exceptions.rb:30:in `call'
  railties (4.2.3) lib/rails/rack/logger.rb:38:in `call_app'
  railties (4.2.3) lib/rails/rack/logger.rb:20:in `block in call'
  activesupport (4.2.3) lib/active_support/tagged_logging.rb:68:in `block in tagged'
  activesupport (4.2.3) lib/active_support/tagged_logging.rb:26:in `tagged'
  activesupport (4.2.3) lib/active_support/tagged_logging.rb:68:in `tagged'
  railties (4.2.3) lib/rails/rack/logger.rb:20:in `call'
  actionpack (4.2.3) lib/action_dispatch/middleware/request_id.rb:21:in `call'
  rack (1.6.4) lib/rack/methodoverride.rb:22:in `call'
  rack (1.6.4) lib/rack/runtime.rb:18:in `call'
  activesupport (4.2.3) lib/active_support/cache/strategy/local_cache_middleware.rb:28:in `call'
  rack (1.6.4) lib/rack/lock.rb:17:in `call'
  actionpack (4.2.3) lib/action_dispatch/middleware/static.rb:116:in `call'
  rack (1.6.4) lib/rack/sendfile.rb:113:in `call'
  railties (4.2.3) lib/rails/engine.rb:518:in `call'
  railties (4.2.3) lib/rails/application.rb:165:in `call'
  rack (1.6.4) lib/rack/lock.rb:17:in `call'
  rack (1.6.4) lib/rack/content_length.rb:15:in `call'
  rack (1.6.4) lib/rack/handler/webrick.rb:88:in `service'
  /home/sun/.rvm/rubies/ruby-2.2.2/lib/ruby/2.2.0/webrick/httpserver.rb:138:in `service'
  /home/sun/.rvm/rubies/ruby-2.2.2/lib/ruby/2.2.0/webrick/httpserver.rb:94:in `run'
  /home/sun/.rvm/rubies/ruby-2.2.2/lib/ruby/2.2.0/webrick/server.rb:294:in `block in start_thread'


  Rendered /home/sun/.rvm/gems/ruby-2.2.2/gems/actionpack-4.2.3/lib/action_dispatch/middleware/templates/rescues/_trace.html.erb (7.8ms)
  Rendered /home/sun/.rvm/gems/ruby-2.2.2/gems/actionpack-4.2.3/lib/action_dispatch/middleware/templates/routes/_route.html.erb (8.8ms)
  Rendered /home/sun/.rvm/gems/ruby-2.2.2/gems/actionpack-4.2.3/lib/action_dispatch/middleware/templates/routes/_table.html.erb (3.7ms)
  Rendered /home/sun/.rvm/gems/ruby-2.2.2/gems/actionpack-4.2.3/lib/action_dispatch/middleware/templates/rescues/_request_and_response.html.erb (3.4ms)
  Rendered /home/sun/.rvm/gems/ruby-2.2.2/gems/actionpack-4.2.3/lib/action_dispatch/middleware/templates/rescues/routing_error.html.erb within rescues/layout (124.4ms)
  Rendered /home/sun/.rvm/gems/ruby-2.2.2/gems/web-console-2.2.1/lib/web_console/templates/_markup.html.erb (1.0ms)
  Rendered /home/sun/.rvm/gems/ruby-2.2.2/gems/web-console-2.2.1/lib/web_console/templates/_inner_console_markup.html.erb within layouts/inlined_string (8.6ms)
  Rendered /home/sun/.rvm/gems/ruby-2.2.2/gems/web-console-2.2.1/lib/web_console/templates/_prompt_box_markup.html.erb within layouts/inlined_string (3.5ms)
  Rendered /home/sun/.rvm/gems/ruby-2.2.2/gems/web-console-2.2.1/lib/web_console/templates/style.css.erb within layouts/inlined_string (0.6ms)
  Rendered /home/sun/.rvm/gems/ruby-2.2.2/gems/web-console-2.2.1/lib/web_console/templates/console.js.erb within layouts/javascript (51.4ms)
  Rendered /home/sun/.rvm/gems/ruby-2.2.2/gems/web-console-2.2.1/lib/web_console/templates/main.js.erb within layouts/javascript (1.1ms)
  Rendered /home/sun/.rvm/gems/ruby-2.2.2/gems/web-console-2.2.1/lib/web_console/templates/error_page.js.erb within layouts/javascript (0.7ms)
  Rendered /home/sun/.rvm/gems/ruby-2.2.2/gems/web-console-2.2.1/lib/web_console/templates/index.html.erb (106.1ms)


Started GET "/assets/main3.jpg" for 127.0.0.1 at 2015-08-10 18:28:31 -0700


Started GET "/" for 127.0.0.1 at 2015-08-10 18:32:24 -0700
Processing by LinksController#index as HTML
  [1m[35mLink Load (3.9ms)[0m  SELECT  "links".* FROM "links"  ORDER BY averageprice LIMIT 5
  Rendered links/index.html.erb within layouts/application (30.9ms)
Completed 200 OK in 1104ms (Views: 1097.7ms | ActiveRecord: 3.9ms)


Started GET "/jquery.quovolver.js" for 127.0.0.1 at 2015-08-10 18:32:25 -0700

ActionController::RoutingError (No route matches [GET] "/jquery.quovolver.js"):
  actionpack (4.2.3) lib/action_dispatch/middleware/debug_exceptions.rb:21:in `call'
  web-console (2.2.1) lib/web_console/middleware.rb:39:in `call'
  actionpack (4.2.3) lib/action_dispatch/middleware/show_exceptions.rb:30:in `call'
  railties (4.2.3) lib/rails/rack/logger.rb:38:in `call_app'
  railties (4.2.3) lib/rails/rack/logger.rb:20:in `block in call'
  activesupport (4.2.3) lib/active_support/tagged_logging.rb:68:in `block in tagged'
  activesupport (4.2.3) lib/active_support/tagged_logging.rb:26:in `tagged'
  activesupport (4.2.3) lib/active_support/tagged_logging.rb:68:in `tagged'
  railties (4.2.3) lib/rails/rack/logger.rb:20:in `call'
  actionpack (4.2.3) lib/action_dispatch/middleware/request_id.rb:21:in `call'
  rack (1.6.4) lib/rack/methodoverride.rb:22:in `call'
  rack (1.6.4) lib/rack/runtime.rb:18:in `call'
  activesupport (4.2.3) lib/active_support/cache/strategy/local_cache_middleware.rb:28:in `call'
  rack (1.6.4) lib/rack/lock.rb:17:in `call'
  actionpack (4.2.3) lib/action_dispatch/middleware/static.rb:116:in `call'
  rack (1.6.4) lib/rack/sendfile.rb:113:in `call'
  railties (4.2.3) lib/rails/engine.rb:518:in `call'
  railties (4.2.3) lib/rails/application.rb:165:in `call'
  rack (1.6.4) lib/rack/lock.rb:17:in `call'
  rack (1.6.4) lib/rack/content_length.rb:15:in `call'
  rack (1.6.4) lib/rack/handler/webrick.rb:88:in `service'
  /home/sun/.rvm/rubies/ruby-2.2.2/lib/ruby/2.2.0/webrick/httpserver.rb:138:in `service'
  /home/sun/.rvm/rubies/ruby-2.2.2/lib/ruby/2.2.0/webrick/httpserver.rb:94:in `run'
  /home/sun/.rvm/rubies/ruby-2.2.2/lib/ruby/2.2.0/webrick/server.rb:294:in `block in start_thread'


  Rendered /home/sun/.rvm/gems/ruby-2.2.2/gems/actionpack-4.2.3/lib/action_dispatch/middleware/templates/rescues/_trace.html.erb (4.5ms)
  Rendered /home/sun/.rvm/gems/ruby-2.2.2/gems/actionpack-4.2.3/lib/action_dispatch/middleware/templates/routes/_route.html.erb (5.0ms)
  Rendered /home/sun/.rvm/gems/ruby-2.2.2/gems/actionpack-4.2.3/lib/action_dispatch/middleware/templates/routes/_table.html.erb (8.3ms)
  Rendered /home/sun/.rvm/gems/ruby-2.2.2/gems/actionpack-4.2.3/lib/action_dispatch/middleware/templates/rescues/_request_and_response.html.erb (9.5ms)
  Rendered /home/sun/.rvm/gems/ruby-2.2.2/gems/actionpack-4.2.3/lib/action_dispatch/middleware/templates/rescues/routing_error.html.erb within rescues/layout (133.7ms)
  Rendered /home/sun/.rvm/gems/ruby-2.2.2/gems/web-console-2.2.1/lib/web_console/templates/_markup.html.erb (3.0ms)
  Rendered /home/sun/.rvm/gems/ruby-2.2.2/gems/web-console-2.2.1/lib/web_console/templates/_inner_console_markup.html.erb within layouts/inlined_string (2.1ms)
  Rendered /home/sun/.rvm/gems/ruby-2.2.2/gems/web-console-2.2.1/lib/web_console/templates/_prompt_box_markup.html.erb within layouts/inlined_string (2.6ms)
  Rendered /home/sun/.rvm/gems/ruby-2.2.2/gems/web-console-2.2.1/lib/web_console/templates/style.css.erb within layouts/inlined_string (3.4ms)
  Rendered /home/sun/.rvm/gems/ruby-2.2.2/gems/web-console-2.2.1/lib/web_console/templates/console.js.erb within layouts/javascript (65.2ms)
  Rendered /home/sun/.rvm/gems/ruby-2.2.2/gems/web-console-2.2.1/lib/web_console/templates/main.js.erb within layouts/javascript (0.6ms)
  Rendered /home/sun/.rvm/gems/ruby-2.2.2/gems/web-console-2.2.1/lib/web_console/templates/error_page.js.erb within layouts/javascript (1.6ms)
  Rendered /home/sun/.rvm/gems/ruby-2.2.2/gems/web-console-2.2.1/lib/web_console/templates/index.html.erb (139.6ms)


Started GET "/assets/main3.jpg" for 127.0.0.1 at 2015-08-10 18:32:25 -0700


Started GET "/" for 127.0.0.1 at 2015-08-10 18:33:12 -0700
Processing by LinksController#index as HTML
  [1m[36mLink Load (6.4ms)[0m  [1mSELECT  "links".* FROM "links"  ORDER BY averageprice LIMIT 5[0m
  Rendered links/index.html.erb within layouts/application (52.5ms)
Completed 200 OK in 932ms (Views: 919.1ms | ActiveRecord: 6.4ms)


Started GET "/jquery.quovolver.js" for 127.0.0.1 at 2015-08-10 18:33:13 -0700

ActionController::RoutingError (No route matches [GET] "/jquery.quovolver.js"):
  actionpack (4.2.3) lib/action_dispatch/middleware/debug_exceptions.rb:21:in `call'
  web-console (2.2.1) lib/web_console/middleware.rb:39:in `call'
  actionpack (4.2.3) lib/action_dispatch/middleware/show_exceptions.rb:30:in `call'
  railties (4.2.3) lib/rails/rack/logger.rb:38:in `call_app'
  railties (4.2.3) lib/rails/rack/logger.rb:20:in `block in call'
  activesupport (4.2.3) lib/active_support/tagged_logging.rb:68:in `block in tagged'
  activesupport (4.2.3) lib/active_support/tagged_logging.rb:26:in `tagged'
  activesupport (4.2.3) lib/active_support/tagged_logging.rb:68:in `tagged'
  railties (4.2.3) lib/rails/rack/logger.rb:20:in `call'
  actionpack (4.2.3) lib/action_dispatch/middleware/request_id.rb:21:in `call'
  rack (1.6.4) lib/rack/methodoverride.rb:22:in `call'
  rack (1.6.4) lib/rack/runtime.rb:18:in `call'
  activesupport (4.2.3) lib/active_support/cache/strategy/local_cache_middleware.rb:28:in `call'
  rack (1.6.4) lib/rack/lock.rb:17:in `call'
  actionpack (4.2.3) lib/action_dispatch/middleware/static.rb:116:in `call'
  rack (1.6.4) lib/rack/sendfile.rb:113:in `call'
  railties (4.2.3) lib/rails/engine.rb:518:in `call'
  railties (4.2.3) lib/rails/application.rb:165:in `call'
  rack (1.6.4) lib/rack/lock.rb:17:in `call'
  rack (1.6.4) lib/rack/content_length.rb:15:in `call'
  rack (1.6.4) lib/rack/handler/webrick.rb:88:in `service'
  /home/sun/.rvm/rubies/ruby-2.2.2/lib/ruby/2.2.0/webrick/httpserver.rb:138:in `service'
  /home/sun/.rvm/rubies/ruby-2.2.2/lib/ruby/2.2.0/webrick/httpserver.rb:94:in `run'
  /home/sun/.rvm/rubies/ruby-2.2.2/lib/ruby/2.2.0/webrick/server.rb:294:in `block in start_thread'


  Rendered /home/sun/.rvm/gems/ruby-2.2.2/gems/actionpack-4.2.3/lib/action_dispatch/middleware/templates/rescues/_trace.html.erb (5.6ms)
  Rendered /home/sun/.rvm/gems/ruby-2.2.2/gems/actionpack-4.2.3/lib/action_dispatch/middleware/templates/routes/_route.html.erb (9.0ms)
  Rendered /home/sun/.rvm/gems/ruby-2.2.2/gems/actionpack-4.2.3/lib/action_dispatch/middleware/templates/routes/_table.html.erb (5.4ms)
  Rendered /home/sun/.rvm/gems/ruby-2.2.2/gems/actionpack-4.2.3/lib/action_dispatch/middleware/templates/rescues/_request_and_response.html.erb (1.8ms)
  Rendered /home/sun/.rvm/gems/ruby-2.2.2/gems/actionpack-4.2.3/lib/action_dispatch/middleware/templates/rescues/routing_error.html.erb within rescues/layout (109.0ms)
  Rendered /home/sun/.rvm/gems/ruby-2.2.2/gems/web-console-2.2.1/lib/web_console/templates/_markup.html.erb (6.0ms)
  Rendered /home/sun/.rvm/gems/ruby-2.2.2/gems/web-console-2.2.1/lib/web_console/templates/_inner_console_markup.html.erb within layouts/inlined_string (0.5ms)
  Rendered /home/sun/.rvm/gems/ruby-2.2.2/gems/web-console-2.2.1/lib/web_console/templates/_prompt_box_markup.html.erb within layouts/inlined_string (1.8ms)
  Rendered /home/sun/.rvm/gems/ruby-2.2.2/gems/web-console-2.2.1/lib/web_console/templates/style.css.erb within layouts/inlined_string (0.5ms)
  Rendered /home/sun/.rvm/gems/ruby-2.2.2/gems/web-console-2.2.1/lib/web_console/templates/console.js.erb within layouts/javascript (55.4ms)
  Rendered /home/sun/.rvm/gems/ruby-2.2.2/gems/web-console-2.2.1/lib/web_console/templates/main.js.erb within layouts/javascript (3.7ms)
  Rendered /home/sun/.rvm/gems/ruby-2.2.2/gems/web-console-2.2.1/lib/web_console/templates/error_page.js.erb within layouts/javascript (0.7ms)
  Rendered /home/sun/.rvm/gems/ruby-2.2.2/gems/web-console-2.2.1/lib/web_console/templates/index.html.erb (105.0ms)


Started GET "/assets/main3.jpg" for 127.0.0.1 at 2015-08-10 18:33:14 -0700


Started GET "/" for 127.0.0.1 at 2015-08-10 18:34:30 -0700
Processing by LinksController#index as HTML
  [1m[35mLink Load (19.5ms)[0m  SELECT  "links".* FROM "links"  ORDER BY averageprice LIMIT 5
  Rendered links/index.html.erb within layouts/application (1226.2ms)
Completed 200 OK in 2936ms (Views: 2896.8ms | ActiveRecord: 19.5ms)


Started GET "/jquery.quovolver.js" for 127.0.0.1 at 2015-08-10 18:34:33 -0700

ActionController::RoutingError (No route matches [GET] "/jquery.quovolver.js"):
  actionpack (4.2.3) lib/action_dispatch/middleware/debug_exceptions.rb:21:in `call'
  web-console (2.2.1) lib/web_console/middleware.rb:39:in `call'
  actionpack (4.2.3) lib/action_dispatch/middleware/show_exceptions.rb:30:in `call'
  railties (4.2.3) lib/rails/rack/logger.rb:38:in `call_app'
  railties (4.2.3) lib/rails/rack/logger.rb:20:in `block in call'
  activesupport (4.2.3) lib/active_support/tagged_logging.rb:68:in `block in tagged'
  activesupport (4.2.3) lib/active_support/tagged_logging.rb:26:in `tagged'
  activesupport (4.2.3) lib/active_support/tagged_logging.rb:68:in `tagged'
  railties (4.2.3) lib/rails/rack/logger.rb:20:in `call'
  actionpack (4.2.3) lib/action_dispatch/middleware/request_id.rb:21:in `call'
  rack (1.6.4) lib/rack/methodoverride.rb:22:in `call'
  rack (1.6.4) lib/rack/runtime.rb:18:in `call'
  activesupport (4.2.3) lib/active_support/cache/strategy/local_cache_middleware.rb:28:in `call'
  rack (1.6.4) lib/rack/lock.rb:17:in `call'
  actionpack (4.2.3) lib/action_dispatch/middleware/static.rb:116:in `call'
  rack (1.6.4) lib/rack/sendfile.rb:113:in `call'
  railties (4.2.3) lib/rails/engine.rb:518:in `call'
  railties (4.2.3) lib/rails/application.rb:165:in `call'
  rack (1.6.4) lib/rack/lock.rb:17:in `call'
  rack (1.6.4) lib/rack/content_length.rb:15:in `call'
  rack (1.6.4) lib/rack/handler/webrick.rb:88:in `service'
  /home/sun/.rvm/rubies/ruby-2.2.2/lib/ruby/2.2.0/webrick/httpserver.rb:138:in `service'
  /home/sun/.rvm/rubies/ruby-2.2.2/lib/ruby/2.2.0/webrick/httpserver.rb:94:in `run'
  /home/sun/.rvm/rubies/ruby-2.2.2/lib/ruby/2.2.0/webrick/server.rb:294:in `block in start_thread'


  Rendered /home/sun/.rvm/gems/ruby-2.2.2/gems/actionpack-4.2.3/lib/action_dispatch/middleware/templates/rescues/_trace.html.erb (3.6ms)
  Rendered /home/sun/.rvm/gems/ruby-2.2.2/gems/actionpack-4.2.3/lib/action_dispatch/middleware/templates/routes/_route.html.erb (10.2ms)
  Rendered /home/sun/.rvm/gems/ruby-2.2.2/gems/actionpack-4.2.3/lib/action_dispatch/middleware/templates/routes/_table.html.erb (5.9ms)
  Rendered /home/sun/.rvm/gems/ruby-2.2.2/gems/actionpack-4.2.3/lib/action_dispatch/middleware/templates/rescues/_request_and_response.html.erb (3.6ms)
  Rendered /home/sun/.rvm/gems/ruby-2.2.2/gems/actionpack-4.2.3/lib/action_dispatch/middleware/templates/rescues/routing_error.html.erb within rescues/layout (134.5ms)
  Rendered /home/sun/.rvm/gems/ruby-2.2.2/gems/web-console-2.2.1/lib/web_console/templates/_markup.html.erb (0.8ms)
  Rendered /home/sun/.rvm/gems/ruby-2.2.2/gems/web-console-2.2.1/lib/web_console/templates/_inner_console_markup.html.erb within layouts/inlined_string (1.3ms)
  Rendered /home/sun/.rvm/gems/ruby-2.2.2/gems/web-console-2.2.1/lib/web_console/templates/_prompt_box_markup.html.erb within layouts/inlined_string (5.9ms)
  Rendered /home/sun/.rvm/gems/ruby-2.2.2/gems/web-console-2.2.1/lib/web_console/templates/style.css.erb within layouts/inlined_string (5.6ms)
  Rendered /home/sun/.rvm/gems/ruby-2.2.2/gems/web-console-2.2.1/lib/web_console/templates/console.js.erb within layouts/javascript (106.9ms)
  Rendered /home/sun/.rvm/gems/ruby-2.2.2/gems/web-console-2.2.1/lib/web_console/templates/main.js.erb within layouts/javascript (1.4ms)
  Rendered /home/sun/.rvm/gems/ruby-2.2.2/gems/web-console-2.2.1/lib/web_console/templates/error_page.js.erb within layouts/javascript (1.2ms)
  Rendered /home/sun/.rvm/gems/ruby-2.2.2/gems/web-console-2.2.1/lib/web_console/templates/index.html.erb (196.2ms)


Started GET "/assets/main3.jpg" for 127.0.0.1 at 2015-08-10 18:34:34 -0700


Started GET "/" for 127.0.0.1 at 2015-08-10 18:35:15 -0700
Processing by LinksController#index as HTML
  [1m[36mLink Load (6.5ms)[0m  [1mSELECT  "links".* FROM "links"  ORDER BY averageprice LIMIT 5[0m
  Rendered links/index.html.erb within layouts/application (51.6ms)
Completed 200 OK in 1047ms (Views: 1038.9ms | ActiveRecord: 6.5ms)


Started GET "/jquery.quovolver.js" for 127.0.0.1 at 2015-08-10 18:35:16 -0700

ActionController::RoutingError (No route matches [GET] "/jquery.quovolver.js"):
  actionpack (4.2.3) lib/action_dispatch/middleware/debug_exceptions.rb:21:in `call'
  web-console (2.2.1) lib/web_console/middleware.rb:39:in `call'
  actionpack (4.2.3) lib/action_dispatch/middleware/show_exceptions.rb:30:in `call'
  railties (4.2.3) lib/rails/rack/logger.rb:38:in `call_app'
  railties (4.2.3) lib/rails/rack/logger.rb:20:in `block in call'
  activesupport (4.2.3) lib/active_support/tagged_logging.rb:68:in `block in tagged'
  activesupport (4.2.3) lib/active_support/tagged_logging.rb:26:in `tagged'
  activesupport (4.2.3) lib/active_support/tagged_logging.rb:68:in `tagged'
  railties (4.2.3) lib/rails/rack/logger.rb:20:in `call'
  actionpack (4.2.3) lib/action_dispatch/middleware/request_id.rb:21:in `call'
  rack (1.6.4) lib/rack/methodoverride.rb:22:in `call'
  rack (1.6.4) lib/rack/runtime.rb:18:in `call'
  activesupport (4.2.3) lib/active_support/cache/strategy/local_cache_middleware.rb:28:in `call'
  rack (1.6.4) lib/rack/lock.rb:17:in `call'
  actionpack (4.2.3) lib/action_dispatch/middleware/static.rb:116:in `call'
  rack (1.6.4) lib/rack/sendfile.rb:113:in `call'
  railties (4.2.3) lib/rails/engine.rb:518:in `call'
  railties (4.2.3) lib/rails/application.rb:165:in `call'
  rack (1.6.4) lib/rack/lock.rb:17:in `call'
  rack (1.6.4) lib/rack/content_length.rb:15:in `call'
  rack (1.6.4) lib/rack/handler/webrick.rb:88:in `service'
  /home/sun/.rvm/rubies/ruby-2.2.2/lib/ruby/2.2.0/webrick/httpserver.rb:138:in `service'
  /home/sun/.rvm/rubies/ruby-2.2.2/lib/ruby/2.2.0/webrick/httpserver.rb:94:in `run'
  /home/sun/.rvm/rubies/ruby-2.2.2/lib/ruby/2.2.0/webrick/server.rb:294:in `block in start_thread'


  Rendered /home/sun/.rvm/gems/ruby-2.2.2/gems/actionpack-4.2.3/lib/action_dispatch/middleware/templates/rescues/_trace.html.erb (7.3ms)
  Rendered /home/sun/.rvm/gems/ruby-2.2.2/gems/actionpack-4.2.3/lib/action_dispatch/middleware/templates/routes/_route.html.erb (11.1ms)
  Rendered /home/sun/.rvm/gems/ruby-2.2.2/gems/actionpack-4.2.3/lib/action_dispatch/middleware/templates/routes/_table.html.erb (5.3ms)
  Rendered /home/sun/.rvm/gems/ruby-2.2.2/gems/actionpack-4.2.3/lib/action_dispatch/middleware/templates/rescues/_request_and_response.html.erb (7.2ms)
  Rendered /home/sun/.rvm/gems/ruby-2.2.2/gems/actionpack-4.2.3/lib/action_dispatch/middleware/templates/rescues/routing_error.html.erb within rescues/layout (114.1ms)
  Rendered /home/sun/.rvm/gems/ruby-2.2.2/gems/web-console-2.2.1/lib/web_console/templates/_markup.html.erb (4.4ms)
  Rendered /home/sun/.rvm/gems/ruby-2.2.2/gems/web-console-2.2.1/lib/web_console/templates/_inner_console_markup.html.erb within layouts/inlined_string (5.4ms)
  Rendered /home/sun/.rvm/gems/ruby-2.2.2/gems/web-console-2.2.1/lib/web_console/templates/_prompt_box_markup.html.erb within layouts/inlined_string (1.4ms)
  Rendered /home/sun/.rvm/gems/ruby-2.2.2/gems/web-console-2.2.1/lib/web_console/templates/style.css.erb within layouts/inlined_string (1.0ms)
  Rendered /home/sun/.rvm/gems/ruby-2.2.2/gems/web-console-2.2.1/lib/web_console/templates/console.js.erb within layouts/javascript (54.0ms)
  Rendered /home/sun/.rvm/gems/ruby-2.2.2/gems/web-console-2.2.1/lib/web_console/templates/main.js.erb within layouts/javascript (1.0ms)
  Rendered /home/sun/.rvm/gems/ruby-2.2.2/gems/web-console-2.2.1/lib/web_console/templates/error_page.js.erb within layouts/javascript (2.5ms)
  Rendered /home/sun/.rvm/gems/ruby-2.2.2/gems/web-console-2.2.1/lib/web_console/templates/index.html.erb (103.7ms)


Started GET "/assets/main3.jpg" for 127.0.0.1 at 2015-08-10 18:35:16 -0700
